2025-06-11 07:36:39,674 - semgrep.run_scan - DEBUG - semgrep version 1.2.0
2025-06-11 07:36:39,681 - semgrep.git - DEBUG - Failed to get project url from 'git ls-remote': Command failed with exit code: 128
-----
Command failed with output:
fatal: No remote configured to list refs from.


Failed to run 'git ls-remote --get-url'. Possible reasons:

- the git binary is not available
- the current working directory is not a git repository
- the baseline commit is not a parent of the current commit
    (if you are running through semgrep-app, check if you are setting `SEMGREP_BRANCH` or `SEMGREP_BASELINE_COMMIT` properly)
- the current working directory is not marked as safe
    (fix with `git config --global --add safe.directory $(pwd)`)

Try running the command yourself to debug the issue.
2025-06-11 07:36:39,682 - semgrep.config_resolver - DEBUG - Loading local config from /home/runner/workspace/.config/.semgrep/semgrep_rules.json
2025-06-11 07:36:39,690 - semgrep.config_resolver - DEBUG - Done loading local config from /home/runner/workspace/.config/.semgrep/semgrep_rules.json
2025-06-11 07:36:39,694 - semgrep.config_resolver - DEBUG - Saving rules to /tmp/semgrep-2khng5i3.rules
2025-06-11 07:36:39,879 - semgrep.semgrep_core - DEBUG - Failed to open resource semgrep-core-proprietary: [Errno 2] No such file or directory: '/tmp/_MEIwn35Du/semgrep/bin/semgrep-core-proprietary'.
2025-06-11 07:36:40,327 - semgrep.rule_lang - DEBUG - semgrep-core validation response: valid=True
2025-06-11 07:36:40,328 - semgrep.rule_lang - DEBUG - semgrep-core validation succeeded
2025-06-11 07:36:40,328 - semgrep.rule_lang - DEBUG - RPC validation succeeded
2025-06-11 07:36:40,328 - semgrep.config_resolver - DEBUG - loaded 1 configs in 0.6459779739379883
2025-06-11 07:36:40,418 - semgrep.run_scan - VERBOSE - running 712 rules from 1 config /home/runner/workspace/.config/.semgrep/semgrep_rules.json_0
2025-06-11 07:36:40,419 - semgrep.run_scan - VERBOSE - No .semgrepignore found. Using default .semgrepignore rules. See the docs for the list of default ignores: https://semgrep.dev/docs/cli-usage/#ignore-files
2025-06-11 07:36:40,421 - semgrep.run_scan - VERBOSE - Rules:
2025-06-11 07:36:40,421 - semgrep.run_scan - VERBOSE - <SKIPPED DATA (too many entries; use --max-log-list-entries)>
2025-06-11 07:36:40,976 - semgrep.core_runner - DEBUG - Passing whole rules directly to semgrep_core
2025-06-11 07:36:41,171 - semgrep.core_runner - DEBUG - Running Semgrep engine with command:
2025-06-11 07:36:41,172 - semgrep.core_runner - DEBUG - /tmp/_MEIwn35Du/semgrep/bin/opengrep-core -json -rules /tmp/tmphrkudga0.json -j 8 -targets /tmp/tmp5ciml50h -timeout 5 -timeout_threshold 3 -max_memory 0 -fast
2025-06-11 07:37:06,826 - semgrep.core_runner - DEBUG - --- semgrep-core stderr ---
[00.08][[34mINFO[0m]: Executed as: /tmp/_MEIwn35Du/semgrep/bin/opengrep-core -json -rules /tmp/tmphrkudga0.json -j 8 -targets /tmp/tmp5ciml50h -timeout 5 -timeout_threshold 3 -max_memory 0 -fast
[00.08][[34mINFO[0m]: Version: 1.2.0
[00.08][[34mINFO[0m]: Parsing rules in /tmp/tmphrkudga0.json
[00.60][[34mINFO[0m]: scan: processing 320 files (skipping 0), with 454 rules (skipping 0 )
[01.30][[33mWARNING[0m]: Fixpoint timeout while performing taint analysis [rule: config..semgrep.vendored-rules.javascript.lang.security.audit.detect-non-literal-require file: client/src/components/MaintenancePredictionTab.tsx func: MaintenancePredictionTab:521]
[0m[01.60][[33mWARNING[0m]: Fixpoint timeout while performing taint analysis [rule: config..semgrep.vendored-rules.javascript.lang.security.audit.detect-non-literal-require file: client/src/components/FinancialReportsTab.tsx func: FinancialReportsTab:1547]
[0m[01.77][[33mWARNING[0m]: Fixpoint timeout while performing taint analysis [rule: config..semgrep.vendored-rules.typescript.react.security.audit.react-href-var file: client/src/pages/public-page-editor.tsx func: PublicPageEditor:2473]
[0m[01.77][[33mWARNING[0m]: Fixpoint timeout while performing taint analysis [rule: config..semgrep.vendored-rules.javascript.express.security.injection.raw-html-format file: client/src/components/MaintenancePredictionTab.tsx func: MaintenancePredictionTab:521]
[0m[01.94][[33mWARNING[0m]: Fixpoint timeout while performing taint analysis [rule: config..semgrep.vendored-rules.javascript.express.security.injection.tainted-sql-string file: client/src/components/FinancialReportsTab.tsx func: FinancialReportsTab:1547]
[0m[01.96][[33mWARNING[0m]: Fixpoint timeout while performing taint analysis [rule: config..semgrep.vendored-rules.javascript.lang.security.audit.detect-non-literal-require file: client/src/pages/public-page-editor.tsx func: PublicPageEditor:2473]
[0m[02.28][[33mWARNING[0m]: Fixpoint timeout while performing taint analysis [rule: config..semgrep.vendored-rules.javascript.express.security.cors-misconfiguration file: client/src/components/MaintenancePredictionTab.tsx func: MaintenancePredictionTab:521]
[0m[02.28][[33mWARNING[0m]: Fixpoint timeout while performing taint analysis [rule: config..semgrep.vendored-rules.javascript.express.security.injection.tainted-sql-string file: client/src/pages/public-page-editor.tsx func: PublicPageEditor:2473]
[0m[02.44][[33mWARNING[0m]: Fixpoint timeout while performing taint analysis [rule: config..semgrep.vendored-rules.javascript.express.security.injection.raw-html-format file: client/src/components/FinancialReportsTab.tsx func: FinancialReportsTab:1547]
[0m[02.62][[33mWARNING[0m]: Fixpoint timeout while performing taint analysis [rule: config..semgrep.vendored-rules.javascript.express.security.injection.raw-html-format file: client/src/pages/public-page-editor.tsx func: PublicPageEditor:2473]
[0m[03.11][[33mWARNING[0m]: Fixpoint timeout while performing taint analysis [rule: config..semgrep.vendored-rules.javascript.express.security.x-frame-options-misconfiguration file: client/src/pages/public-page-editor.tsx func: PublicPageEditor:2473]
[0m[03.29][[33mWARNING[0m]: Fixpoint timeout while performing taint analysis [rule: config..semgrep.vendored-rules.javascript.express.security.audit.xss.direct-response-write file: client/src/components/FinancialReportsTab.tsx func: FinancialReportsTab:1547]
[0m[03.29][[33mWARNING[0m]: Fixpoint timeout while performing taint analysis [rule: config..semgrep.vendored-rules.javascript.express.security.require-request file: client/src/pages/public-page-editor.tsx func: PublicPageEditor:2473]
[0m[03.52][[33mWARNING[0m]: Fixpoint timeout while performing taint analysis [rule: config..semgrep.vendored-rules.javascript.express.security.cors-misconfiguration file: client/src/pages/public-page-editor.tsx func: PublicPageEditor:2473]
[0m[03.54][[33mWARNING[0m]: Fixpoint timeout while performing taint analysis [rule: config..semgrep.vendored-rules.javascript.express.security.audit.remote-property-injection file: client/src/components/FinancialReportsTab.tsx func: FinancialReportsTab:1547]
[0m[03.70][[33mWARNING[0m]: Fixpoint timeout while performing taint analysis [rule: config..semgrep.vendored-rules.javascript.express.security.express-wkhtmltoimage-injection file: client/src/components/FinancialReportsTab.tsx func: FinancialReportsTab:1547]
[0m[03.76][[33mWARNING[0m]: Fixpoint timeout while performing taint analysis [rule: config..semgrep.vendored-rules.javascript.lang.security.audit.detect-non-literal-require file: client/src/pages/tenant-portal.tsx func: TenantPortal:16697]
[0m[03.79][[33mWARNING[0m]: Fixpoint timeout while performing taint analysis [rule: config..semgrep.vendored-rules.javascript.browser.security.js-open-redirect-from-function file: client/src/pages/public-page-editor.tsx func: PublicPageEditor:2473]
[0m[03.88][[33mWARNING[0m]: Fixpoint timeout while performing taint analysis [rule: config..semgrep.vendored-rules.javascript.lang.security.audit.detect-non-literal-require file: client/src/components/GuestProfileManager.tsx func: GuestProfileManager:19969]
[0m[04.11][[33mWARNING[0m]: Fixpoint timeout while performing taint analysis [rule: config..semgrep.vendored-rules.javascript.express.security.injection.tainted-sql-string file: client/src/components/GuestProfileManager.tsx func: GuestProfileManager:19969]
[0m[04.13][[33mWARNING[0m]: Fixpoint timeout while performing taint analysis [rule: config..semgrep.vendored-rules.javascript.express.security.require-request file: client/src/components/FinancialReportsTab.tsx func: FinancialReportsTab:1547]
[0m[04.21][[33mWARNING[0m]: Fixpoint timeout while performing taint analysis [rule: config..semgrep.vendored-rules.javascript.browser.security.raw-html-concat file: client/src/pages/public-page-editor.tsx func: PublicPageEditor:2473]
[0m[04.59][[33mWARNING[0m]: Fixpoint timeout while performing taint analysis [rule: config..semgrep.vendored-rules.javascript.express.security.audit.remote-property-injection file: client/src/components/GuestProfileManager.tsx func: GuestProfileManager:19969]
[0m[04.75][[33mWARNING[0m]: Fixpoint timeout while performing taint analysis [rule: config..semgrep.vendored-rules.javascript.express.security.x-frame-options-misconfiguration file: client/src/components/GuestProfileManager.tsx func: GuestProfileManager:19969]
[0m[05.77][[33mWARNING[0m]: Fixpoint timeout while performing taint analysis [rule: config..semgrep.vendored-rules.javascript.lang.security.audit.detect-non-literal-require file: client/src/components/PropertiesTab.tsx func: PropertiesTab:33662]
[0m[06.08][[33mWARNING[0m]: Fixpoint timeout while performing taint analysis [rule: config..semgrep.vendored-rules.javascript.lang.security.audit.detect-non-literal-require file: client/src/components/ExpandableSideNav.tsx func: ExpandableSideNav:35936]
[0m[06.08][[33mWARNING[0m]: Fixpoint timeout while performing taint analysis [rule: config..semgrep.vendored-rules.javascript.express.security.injection.tainted-sql-string file: client/src/components/PropertiesTab.tsx func: PropertiesTab:33662]
[0m[06.37][[33mWARNING[0m]: Fixpoint timeout while performing taint analysis [rule: config..semgrep.vendored-rules.javascript.express.security.injection.raw-html-format file: client/src/components/PropertiesTab.tsx func: PropertiesTab:33662]
[0m[06.67][[33mWARNING[0m]: Fixpoint timeout while performing taint analysis [rule: config..semgrep.vendored-rules.typescript.react.security.audit.react-href-var file: client/src/pages/property-949.tsx func: Property949:38525]
[0m[06.77][[33mWARNING[0m]: Fixpoint timeout while performing taint analysis [rule: config..semgrep.vendored-rules.javascript.lang.security.audit.unsafe-formatstring file: client/src/pages/admin-dashboard.tsx func: AdminDashboard:39820]
[0m[06.96][[33mWARNING[0m]: Fixpoint timeout while performing taint analysis [rule: config..semgrep.vendored-rules.javascript.lang.security.audit.detect-non-literal-require file: client/src/pages/admin-dashboard.tsx func: AdminDashboard:39820]
[0m[06.99][[33mWARNING[0m]: Fixpoint timeout while performing taint analysis [rule: config..semgrep.vendored-rules.javascript.express.security.require-request file: client/src/components/PropertiesTab.tsx func: PropertiesTab:33662]
[0m[06.99][[33mWARNING[0m]: Fixpoint timeout while performing taint analysis [rule: config..semgrep.vendored-rules.javascript.express.security.injection.tainted-sql-string file: client/src/pages/property-949.tsx func: Property949:38525]
[0m[07.28][[33mWARNING[0m]: Fixpoint timeout while performing taint analysis [rule: config..semgrep.vendored-rules.javascript.express.security.cors-misconfiguration file: client/src/components/PropertiesTab.tsx func: PropertiesTab:33662]
[0m[07.59][[33mWARNING[0m]: Fixpoint timeout while performing taint analysis [rule: config..semgrep.vendored-rules.javascript.express.security.injection.tainted-sql-string file: client/src/components/ReceiptEditorTab.tsx func: ReceiptEditorTab:47111]
[0m[07.63][[33mWARNING[0m]: Fixpoint timeout while performing taint analysis [rule: config..semgrep.vendored-rules.javascript.express.security.injection.raw-html-format file: client/src/pages/admin-dashboard.tsx func: AdminDashboard:39820]
[0m[07.84][[33mWARNING[0m]: Fixpoint timeout while performing taint analysis [rule: config..semgrep.vendored-rules.javascript.express.security.audit.remote-property-injection file: client/src/pages/admin-dashboard.tsx func: AdminDashboard:39820]
[0m[08.08][[33mWARNING[0m]: Fixpoint timeout while performing taint analysis [rule: config..semgrep.vendored-rules.javascript.express.security.injection.raw-html-format file: client/src/components/ReceiptEditorTab.tsx func: ReceiptEditorTab:47111]
[0m[08.33][[33mWARNING[0m]: Fixpoint timeout while performing taint analysis [rule: config..semgrep.vendored-rules.javascript.express.security.audit.remote-property-injection file: client/src/components/ReceiptEditorTab.tsx func: ReceiptEditorTab:47111]
[0m[08.35][[33mWARNING[0m]: Fixpoint timeout while performing taint analysis [rule: config..semgrep.vendored-rules.javascript.express.security.express-wkhtmltoimage-injection file: client/src/pages/property-949.tsx func: Property949:38525]
[0m[08.38][[33mWARNING[0m]: Fixpoint timeout while performing taint analysis [rule: config..semgrep.vendored-rules.javascript.express.security.audit.express-ssrf file: client/src/pages/admin-dashboard.tsx func: AdminDashboard:39820]
[0m[08.54][[33mWARNING[0m]: Fixpoint timeout while performing taint analysis [rule: config..semgrep.vendored-rules.javascript.express.security.x-frame-options-misconfiguration file: client/src/pages/property-949.tsx func: Property949:38525]
[0m[08.56][[33mWARNING[0m]: Fixpoint timeout while performing taint analysis [rule: config..semgrep.vendored-rules.javascript.express.security.x-frame-options-misconfiguration file: client/src/components/ReceiptEditorTab.tsx func: ReceiptEditorTab:47111]
[0m[08.59][[33mWARNING[0m]: Fixpoint timeout while performing taint analysis [rule: config..semgrep.vendored-rules.javascript.express.security.x-frame-options-misconfiguration file: client/src/pages/admin-dashboard.tsx func: AdminDashboard:39820]
[0m[08.75][[33mWARNING[0m]: Fixpoint timeout while performing taint analysis [rule: config..semgrep.vendored-rules.javascript.express.security.require-request file: client/src/components/ReceiptEditorTab.tsx func: ReceiptEditorTab:47111]
[0m[08.76][[33mWARNING[0m]: Fixpoint timeout while performing taint analysis [rule: config..semgrep.vendored-rules.javascript.express.security.require-request file: client/src/pages/admin-dashboard.tsx func: AdminDashboard:39820]
[0m[08.81][[33mWARNING[0m]: Fixpoint timeout while performing taint analysis [rule: config..semgrep.vendored-rules.typescript.react.security.audit.react-href-var file: client/src/components/ExpensesTab.tsx func: ExpensesTab:59720]
[0m[10.22][[33mWARNING[0m]: Fixpoint timeout while performing taint analysis [rule: config..semgrep.vendored-rules.javascript.express.security.express-wkhtmltoimage-injection file: client/src/components/ExpensesTab.tsx func: ExpensesTab:59720]
[0m[10.74][[33mWARNING[0m]: Fixpoint timeout while performing taint analysis [rule: config..semgrep.vendored-rules.javascript.lang.security.audit.detect-non-literal-require file: client/src/pages/property-934.tsx func: Property934:69562]
[0m[11.03][[33mWARNING[0m]: Fixpoint timeout while performing taint analysis [rule: config..semgrep.vendored-rules.javascript.express.security.injection.tainted-sql-string file: client/src/pages/property-934.tsx func: Property934:69562]
[0m[11.16][[33mWARNING[0m]: Fixpoint timeout while performing taint analysis [rule: config..semgrep.vendored-rules.typescript.react.security.audit.react-href-var file: client/src/pages/modern-dashboard-broken.tsx func: ModernDashboard:73213]
[0m[11.16][[33mWARNING[0m]: Fixpoint timeout while performing taint analysis [rule: config..semgrep.vendored-rules.typescript.react.security.audit.react-href-var file: client/src/pages/modern-dashboard-broken.tsx func: ModernDashboard:73213]
[0m[11.34][[33mWARNING[0m]: Fixpoint timeout while performing taint analysis [rule: config..semgrep.vendored-rules.javascript.lang.security.audit.detect-non-literal-require file: client/src/pages/modern-dashboard-broken.tsx func: ModernDashboard:73213]
[0m[11.53][[33mWARNING[0m]: Fixpoint timeout while performing taint analysis [rule: config..semgrep.vendored-rules.javascript.lang.security.audit.detect-non-literal-require file: client/src/components/InquiriesTab.tsx func: InquiriesTab:75886]
[0m[11.77][[33mWARNING[0m]: Fixpoint timeout while performing taint analysis [rule: config..semgrep.vendored-rules.javascript.lang.security.detect-eval-with-expression file: client/src/pages/modern-dashboard-broken.tsx func: ModernDashboard:73213]
[0m[11.89][[33mWARNING[0m]: Fixpoint timeout while performing taint analysis [rule: config..semgrep.vendored-rules.javascript.express.security.x-frame-options-misconfiguration file: client/src/components/TodosTab.tsx func: TodosTab:78640]
[0m[11.91][[33mWARNING[0m]: Fixpoint timeout while performing taint analysis [rule: config..semgrep.vendored-rules.javascript.express.security.injection.tainted-sql-string file: client/src/components/InquiriesTab.tsx func: InquiriesTab:75886]
[0m[12.05][[33mWARNING[0m]: Fixpoint timeout while performing taint analysis [rule: config..semgrep.vendored-rules.javascript.express.security.audit.express-ssrf file: client/src/pages/property-934.tsx func: Property934:69562]
[0m[12.19][[33mWARNING[0m]: Fixpoint timeout while performing taint analysis [rule: config..semgrep.vendored-rules.javascript.express.security.injection.tainted-sql-string file: client/src/pages/modern-dashboard-broken.tsx func: ModernDashboard:73213]
[0m[12.31][[33mWARNING[0m]: Fixpoint timeout while performing taint analysis [rule: config..semgrep.vendored-rules.javascript.express.security.injection.raw-html-format file: client/src/components/InquiriesTab.tsx func: InquiriesTab:75886]
[0m[12.86][[33mWARNING[0m]: Fixpoint timeout while performing taint analysis [rule: config..semgrep.vendored-rules.javascript.express.security.require-request file: client/src/components/InquiriesTab.tsx func: InquiriesTab:75886]
[0m[13.84][[33mWARNING[0m]: Fixpoint timeout while performing taint analysis [rule: config..semgrep.vendored-rules.javascript.express.security.require-request file: client/src/pages/modern-dashboard-broken.tsx func: ModernDashboard:73213]
[0m[13.88][[33mWARNING[0m]: Fixpoint timeout while performing taint analysis [rule: config..semgrep.vendored-rules.javascript.express.security.injection.tainted-sql-string file: client/src/components/BuildingTab.tsx func: BuildingTab:97596]
[0m[14.04][[33mWARNING[0m]: Fixpoint timeout while performing taint analysis [rule: config..semgrep.vendored-rules.javascript.lang.security.audit.detect-non-literal-require file: client/src/components/BillPaymentTracker.tsx func: BillPaymentTracker:98555]
[0m[14.12][[33mWARNING[0m]: Fixpoint timeout while performing taint analysis [rule: config..semgrep.vendored-rules.javascript.express.security.cors-misconfiguration file: client/src/pages/modern-dashboard-broken.tsx func: ModernDashboard:73213]
[0m[14.40][[33mWARNING[0m]: Fixpoint timeout while performing taint analysis [rule: config..semgrep.vendored-rules.javascript.browser.security.js-open-redirect-from-function file: client/src/pages/modern-dashboard-broken.tsx func: ModernDashboard:73213]
[0m[14.83][[33mWARNING[0m]: Fixpoint timeout while performing taint analysis [rule: config..semgrep.vendored-rules.javascript.browser.security.raw-html-concat file: client/src/pages/modern-dashboard-broken.tsx func: ModernDashboard:73213]
[0m[15.04][[33mWARNING[0m]: Fixpoint timeout while performing taint analysis [rule: config..semgrep.vendored-rules.javascript.lang.security.audit.detect-non-literal-require file: client/src/components/PaymentsTab.tsx func: PaymentsTab:109436]
[0m[15.30][[33mWARNING[0m]: Fixpoint timeout while performing taint analysis [rule: config..semgrep.vendored-rules.javascript.express.security.cors-misconfiguration file: client/src/components/BuildingTab.tsx func: BuildingTab:97596]
[0m[15.66][[33mWARNING[0m]: Fixpoint timeout while performing taint analysis [rule: config..semgrep.vendored-rules.javascript.express.security.injection.raw-html-format file: client/src/components/PaymentsTab.tsx func: PaymentsTab:109436]
[0m[15.96][[33mWARNING[0m]: Fixpoint timeout while performing taint analysis [rule: config..semgrep.vendored-rules.javascript.express.security.audit.remote-property-injection file: client/src/components/PaymentsTab.tsx func: PaymentsTab:109436]
[0m[16.14][[33mWARNING[0m]: Fixpoint timeout while performing taint analysis [rule: config..semgrep.vendored-rules.javascript.express.security.express-wkhtmltoimage-injection file: client/src/components/PaymentsTab.tsx func: PaymentsTab:109436]
[0m[16.35][[33mWARNING[0m]: Fixpoint timeout while performing taint analysis [rule: config..semgrep.vendored-rules.javascript.express.security.x-frame-options-misconfiguration file: client/src/components/PaymentsTab.tsx func: PaymentsTab:109436]
[0m[16.47][[33mWARNING[0m]: Fixpoint timeout while performing taint analysis [rule: config..semgrep.vendored-rules.javascript.express.security.injection.tainted-sql-string file: client/src/components/admin-room-grid.tsx func: AdminRoomGrid:119459]
[0m[16.54][[33mWARNING[0m]: Fixpoint timeout while performing taint analysis [rule: config..semgrep.vendored-rules.javascript.express.security.require-request file: client/src/components/PaymentsTab.tsx func: PaymentsTab:109436]
[0m[16.87][[33mWARNING[0m]: Fixpoint timeout while performing taint analysis [rule: config..semgrep.vendored-rules.javascript.express.security.injection.raw-html-format file: client/src/components/admin-room-grid.tsx func: AdminRoomGrid:119459]
[0m[17.24][[33mWARNING[0m]: Fixpoint timeout while performing taint analysis [rule: config..semgrep.vendored-rules.javascript.express.security.x-frame-options-misconfiguration file: client/src/components/admin-room-grid.tsx func: AdminRoomGrid:119459]
[0m[17.72][[33mWARNING[0m]: Fixpoint timeout while performing taint analysis [rule: config..semgrep.vendored-rules.javascript.lang.security.audit.unsafe-formatstring file: server/routes.ts func: registerRoutes:127905]
[0m[18.35][[33mWARNING[0m]: Fixpoint timeout while performing taint analysis [rule: config..semgrep.vendored-rules.javascript.lang.security.audit.detect-non-literal-require file: server/routes.ts func: registerRoutes:127905]
[0m[18.54][[33mWARNING[0m]: Fixpoint timeout while performing taint analysis [rule: config..semgrep.vendored-rules.javascript.lang.security.audit.detect-non-literal-require file: server/routes.ts func: registerRoutes:127905]
[0m[18.94][[33mWARNING[0m]: Fixpoint timeout while performing taint analysis [rule: config..semgrep.vendored-rules.javascript.express.security.injection.raw-html-format file: client/src/components/SecurityTab.tsx func: SecurityTab:139184]
[0m[19.30][[33mWARNING[0m]: Fixpoint timeout while performing taint analysis [rule: config..semgrep.vendored-rules.javascript.express.security.audit.remote-property-injection file: client/src/components/inquiry-form.tsx func: InquiryForm:139691]
[0m[19.94][[33mWARNING[0m]: Fixpoint timeout while performing taint analysis [rule: config..semgrep.vendored-rules.javascript.express.security.injection.tainted-sql-string file: server/routes.ts func: registerRoutes:127905]
[0m[20.66][[33mWARNING[0m]: Fixpoint timeout while performing taint analysis [rule: config..semgrep.vendored-rules.javascript.lang.security.audit.detect-non-literal-require file: client/src/components/CalendarTab.tsx func: CalendarTab:147049]
[0m[21.43][[33mWARNING[0m]: Fixpoint timeout while performing taint analysis [rule: config..semgrep.vendored-rules.javascript.express.security.injection.raw-html-format file: server/routes.ts func: registerRoutes:127905]
[0m[21.61][[33mWARNING[0m]: Fixpoint timeout while performing taint analysis [rule: config..semgrep.vendored-rules.javascript.express.security.injection.raw-html-format file: server/routes.ts func: registerRoutes:127905]
[0m[22.33][[33mWARNING[0m]: Fixpoint timeout while performing taint analysis [rule: config..semgrep.vendored-rules.javascript.express.security.audit.xss.direct-response-write file: server/routes.ts func: registerRoutes:127905]
[0m[23.11][[33mWARNING[0m]: Fixpoint timeout while performing taint analysis [rule: config..semgrep.vendored-rules.javascript.express.security.audit.express-ssrf file: server/routes.ts func: registerRoutes:127905]
[0m[23.49][[33mWARNING[0m]: Fixpoint timeout while performing taint analysis [rule: config..semgrep.vendored-rules.javascript.express.security.express-wkhtmltoimage-injection file: server/routes.ts func: registerRoutes:127905]
[0m[23.91][[33mWARNING[0m]: Fixpoint timeout while performing taint analysis [rule: config..semgrep.vendored-rules.javascript.express.security.x-frame-options-misconfiguration file: server/routes.ts func: registerRoutes:127905]
[0m[24.29][[33mWARNING[0m]: Fixpoint timeout while performing taint analysis [rule: config..semgrep.vendored-rules.javascript.express.security.require-request file: server/routes.ts func: registerRoutes:127905]
[0m[24.68][[33mWARNING[0m]: Fixpoint timeout while performing taint analysis [rule: config..semgrep.vendored-rules.javascript.express.security.cors-misconfiguration file: server/routes.ts func: registerRoutes:127905]
[0m[24.93][[33mWARNING[0m]: Fixpoint timeout while performing taint analysis [rule: config..semgrep.vendored-rules.javascript.browser.security.js-open-redirect-from-function file: server/routes.ts func: registerRoutes:127905]
[0m[25.61][[34mINFO[0m]: Custom ignore pattern: None
[25.61][[34mINFO[0m]: Custom ignore pattern: None
--- end semgrep-core stderr ---
2025-06-11 07:37:06,833 - semgrep.rule_match - DEBUG - match_key = ('', PosixPath('client/src/lib/websocket.ts'), 'config..semgrep.vendored-rules.javascript.lang.security.detect-insecure-websocket') match_id = 432d95e05a441949c1f40954237e9f6df728e4e5c656d629e936f1c24df35bc9c886a4931bc81962a2246ef192732f1472d856abdab304a896b1928eba98e53d_0
2025-06-11 07:37:06,833 - semgrep.rule_match - DEBUG - match_key = ('\\bws:\\/\\/ \\bws:\\/\\/127.0.0.1.* \\bws:\\/\\/localhost.*', PosixPath('client/src/lib/websocket.ts'), 'config..semgrep.vendored-rules.javascript.lang.security.detect-insecure-websocket') match_id = 48015716a64e72282f0240f6b855ff61f8b0213ed086b8c10f777165b351b5644679cf72f5ed3fdf41dd84a178ec3ba6d3632e25a228f1578b6327bad226852a_0
2025-06-11 07:37:06,834 - semgrep.rule_match - DEBUG - match_key = ('\\bws:\\/\\/ \\bws:\\/\\/127.0.0.1.* \\bws:\\/\\/localhost.*', PosixPath('client/src/lib/websocket.ts'), 'config..semgrep.vendored-rules.javascript.lang.security.detect-insecure-websocket') match_id = 48015716a64e72282f0240f6b855ff61f8b0213ed086b8c10f777165b351b5644679cf72f5ed3fdf41dd84a178ec3ba6d3632e25a228f1578b6327bad226852a_0
2025-06-11 07:37:06,834 - semgrep.rule_match - DEBUG - match_key = ('\\bws:\\/\\/ \\bws:\\/\\/127.0.0.1.* \\bws:\\/\\/localhost.*', PosixPath('client/src/lib/websocket.ts'), 'config..semgrep.vendored-rules.javascript.lang.security.detect-insecure-websocket') match_id = 48015716a64e72282f0240f6b855ff61f8b0213ed086b8c10f777165b351b5644679cf72f5ed3fdf41dd84a178ec3ba6d3632e25a228f1578b6327bad226852a_0
2025-06-11 07:37:06,835 - semgrep.rule_match - DEBUG - match_key = ('', PosixPath('scripts/fix-typescript-errors.ts'), 'config..semgrep.vendored-rules.javascript.lang.security.audit.detect-non-literal-fs-filename') match_id = ebe2e6770f50e30248b05b032337034db3a5e500f9b72a8f67886fc00b5e317fe1f6233c84fce008c2c8f11893b2f6d05eeda2459655a397c32d790568933b8a_0
2025-06-11 07:37:06,836 - semgrep.rule_match - DEBUG - match_key = ('filePath function ... (..., filePath,...) {...} filePath fs = require(\'fs\')\n...\n fs = require(\'fs/promises\')\n...\n import fs from \'fs\'\n...\n import fs from \'fs/promises\'\n...\n import * as fs from \'fs\'\n...\n import * as fs from \'fs/promises\'\n...\n fs. ... .$METHOD("...", ...) fs. ... .access(filePath,...) fs. ... .accessSync(filePath, ...) fs. ... .appendFile(filePath,...) fs. ... .appendFileSync(filePath, ...) fs. ... .chmod(filePath,...) fs. ... .chmodSync(filePath, ...) fs. ... .chown(filePath,...) fs. ... .chownSync(filePath, ...) fs. ... .close(filePath,...) fs. ... .closeSync(filePath, ...) fs. ... .copyFile(filePath,...) fs. ... .copyFile($SMTH, filePath,...) fs. ... .copyFileSync(filePath, ...) fs. ... .copyFileSync($SMTH, filePath, ...) fs. ... .cp(filePath, ...) fs. ... .cp($SMTH, filePath, ...) fs. ... .cpSync(filePath, ...) fs. ... .cpSync($SMTH, filePath, ...) fs. ... .createReadStream(filePath,...) fs. ... .createWriteStream(filePath,...) fs. ... .exists(filePath, ...) fs. ... .existsSync(filePath, ...) fs. ... .fchmod(filePath, ...) fs. ... .fchmodSync(filePath, ...) fs. ... .fchown(filePath, ...) fs. ... .fchownSync(filePath, ...) fs. ... .fdatasync(filePath, ...) fs. ... .fdatasyncSync(filePath, ...) fs. ... .fstat(filePath, ...) fs. ... .fstatSync(filePath, ...) fs. ... .fsync(filePath, ...) fs. ... .fsyncSync(filePath, ...) fs. ... .ftruncate(filePath, ...) fs. ... .ftruncateSync(filePath, ...) fs. ... .futimes(filePath, ...) fs. ... .futimesSync(filePath, ...) fs. ... .lchmod(filePath, ...) fs. ... .lchmodSync(filePath, ...) fs. ... .lchown(filePath, ...) fs. ... .lchownSync(filePath, ...) fs. ... .link(filePath, ...) fs. ... .link($SMTH, filePath, ...) fs. ... .linkSync(filePath, ...) fs. ... .linkSync($SMTH, filePath, ...) fs. ... .lstat(filePath, ...) fs. ... .lstatSync(filePath, ...) fs. ... .lutimes(filePath, ...) fs. ... .lutimesSync(filePath, ...) fs. ... .mkdir(filePath, ...) fs. ... .mkdirSync(filePath, ...) fs. ... .mkdtemp(filePath, ...) fs. ... .mkdtempSync(filePath, ...) fs. ... .open(filePath, ...) fs. ... .openSync(filePath, ...) fs. ... .opendir(filePath, ...) fs. ... .opendirSync(filePath, ...) fs. ... .read(filePath, ...) fs. ... .read(filePath, ...) fs. ... .readFile(filePath, ...) fs. ... .readFileSync(filePath, ...) fs. ... .readSync(filePath, ...) fs. ... .readSync(filePath, ...) fs. ... .readdir(filePath, ...) fs. ... .readdirSync(filePath, ...) fs. ... .readlink(filePath, ...) fs. ... .readlinkSync(filePath, ...) fs. ... .readv(filePath, ...) fs. ... .readvSync(filePath, ...) fs. ... .realpath(filePath, ...) fs. ... .realpath.native(filePath, ...) fs. ... .realpathSync.native(filePath, ...) fs. ... .realpathync(filePath, ...) fs. ... .rename(filePath, ...) fs. ... .rename($SMTH, filePath, ...) fs. ... .renameSync(filePath, ...) fs. ... .renameSync($SMTH, filePath, ...) fs. ... .rm(filePath, ...) fs. ... .rmSync(filePath, ...) fs. ... .rmdir(filePath, ...) fs. ... .rmdirSync(filePath, ...) fs. ... .stat(filePath, ...) fs. ... .statSync(filePath, ...) fs. ... .symlink(filePath, ...) fs. ... .symlink($SMTH, filePath, ...) fs. ... .symlinkSync(filePath, ...) fs. ... .symlinkSync($SMTH, filePath, ...) fs. ... .truncate(filePath, ...) fs. ... .truncateSync(filePath, ...) fs. ... .unlink(filePath, ...) fs. ... .unlinkSync(filePath, ...) fs. ... .unwatchFile(filePath, ...) fs. ... .utimes(filePath, ...) fs. ... .utimesSync(filePath, ...) fs. ... .watch(filePath, ...) fs. ... .watchFile(filePath, ...) fs. ... .write(filePath, ...) fs. ... .writeFile(filePath, ...) fs. ... .writeFileSync(filePath, ...) fs. ... .writeSync(filePath, ...) fs. ... .writev(filePath, ...) fs. ... .writevSync(filePath, ...) filePath $METHOD("...", ...) access(filePath,...) accessSync(filePath, ...) appendFile(filePath,...) appendFileSync(filePath, ...) chmod(filePath,...) chmodSync(filePath, ...) chown(filePath,...) chownSync(filePath, ...) close(filePath,...) closeSync(filePath, ...) copyFile(filePath,...) copyFile($SMTH, filePath,...) copyFileSync(filePath, ...) copyFileSync($SMTH, filePath, ...) cp(filePath, ...) cp($SMTH, filePath, ...) cpSync(filePath, ...) cpSync($SMTH, filePath, ...) createReadStream(filePath,...) createWriteStream(filePath,...) exists(filePath, ...) existsSync(filePath, ...) fchmod(filePath, ...) fchmodSync(filePath, ...) fchown(filePath, ...) fchownSync(filePath, ...) fdatasync(filePath, ...) fdatasyncSync(filePath, ...) fstat(filePath, ...) fstatSync(filePath, ...) fsync(filePath, ...) fsyncSync(filePath, ...) ftruncate(filePath, ...) ftruncateSync(filePath, ...) futimes(filePath, ...) futimesSync(filePath, ...) lchmod(filePath, ...) lchmodSync(filePath, ...) lchown(filePath, ...) lchownSync(filePath, ...) link(filePath, ...) link($SMTH, filePath, ...) linkSync(filePath, ...) linkSync($SMTH, filePath, ...) lstat(filePath, ...) lstatSync(filePath, ...) lutimes(filePath, ...) lutimesSync(filePath, ...) mkdir(filePath, ...) mkdirSync(filePath, ...) mkdtemp(filePath, ...) mkdtempSync(filePath, ...) open(filePath, ...) openSync(filePath, ...) opendir(filePath, ...) opendirSync(filePath, ...) read(filePath, ...) read(filePath, ...) readFile(filePath, ...) readFileSync(filePath, ...) readSync(filePath, ...) readSync(filePath, ...) readdir(filePath, ...) readdirSync(filePath, ...) readlink(filePath, ...) readlinkSync(filePath, ...) readv(filePath, ...) readvSync(filePath, ...) realpath(filePath, ...) realpath.native(filePath, ...) realpathSync.native(filePath, ...) realpathync(filePath, ...) rename(filePath, ...) rename($SMTH, filePath, ...) renameSync(filePath, ...) renameSync($SMTH, filePath, ...) rm(filePath, ...) rmSync(filePath, ...) rmdir(filePath, ...) rmdirSync(filePath, ...) stat(filePath, ...) statSync(filePath, ...) symlink(filePath, ...) symlink($SMTH, filePath, ...) symlinkSync(filePath, ...) symlinkSync($SMTH, filePath, ...) truncate(filePath, ...) truncateSync(filePath, ...) unlink(filePath, ...) unlinkSync(filePath, ...) unwatchFile(filePath, ...) utimes(filePath, ...) utimesSync(filePath, ...) watch(filePath, ...) watchFile(filePath, ...) write(filePath, ...) writeFile(filePath, ...) writeFileSync(filePath, ...) writeSync(filePath, ...) writev(filePath, ...) writevSync(filePath, ...) import \'fs\'\n...\n import \'fs/promises\'\n...\n', PosixPath('scripts/fix-typescript-errors.ts'), 'config..semgrep.vendored-rules.javascript.lang.security.audit.detect-non-literal-fs-filename') match_id = 87dc434130f49725f820f85fe8478b7dfda11d97492676423bdc6685825f0903a33a939a69d96443d7f27e42b75ffa5a9c94fa604cba33d87227b423f1f35e66_0
2025-06-11 07:37:06,836 - semgrep.rule_match - DEBUG - match_key = ('filePath function ... (..., filePath,...) {...} filePath fs = require(\'fs\')\n...\n fs = require(\'fs/promises\')\n...\n import fs from \'fs\'\n...\n import fs from \'fs/promises\'\n...\n import * as fs from \'fs\'\n...\n import * as fs from \'fs/promises\'\n...\n fs. ... .$METHOD("...", ...) fs. ... .access(filePath,...) fs. ... .accessSync(filePath, ...) fs. ... .appendFile(filePath,...) fs. ... .appendFileSync(filePath, ...) fs. ... .chmod(filePath,...) fs. ... .chmodSync(filePath, ...) fs. ... .chown(filePath,...) fs. ... .chownSync(filePath, ...) fs. ... .close(filePath,...) fs. ... .closeSync(filePath, ...) fs. ... .copyFile(filePath,...) fs. ... .copyFile($SMTH, filePath,...) fs. ... .copyFileSync(filePath, ...) fs. ... .copyFileSync($SMTH, filePath, ...) fs. ... .cp(filePath, ...) fs. ... .cp($SMTH, filePath, ...) fs. ... .cpSync(filePath, ...) fs. ... .cpSync($SMTH, filePath, ...) fs. ... .createReadStream(filePath,...) fs. ... .createWriteStream(filePath,...) fs. ... .exists(filePath, ...) fs. ... .existsSync(filePath, ...) fs. ... .fchmod(filePath, ...) fs. ... .fchmodSync(filePath, ...) fs. ... .fchown(filePath, ...) fs. ... .fchownSync(filePath, ...) fs. ... .fdatasync(filePath, ...) fs. ... .fdatasyncSync(filePath, ...) fs. ... .fstat(filePath, ...) fs. ... .fstatSync(filePath, ...) fs. ... .fsync(filePath, ...) fs. ... .fsyncSync(filePath, ...) fs. ... .ftruncate(filePath, ...) fs. ... .ftruncateSync(filePath, ...) fs. ... .futimes(filePath, ...) fs. ... .futimesSync(filePath, ...) fs. ... .lchmod(filePath, ...) fs. ... .lchmodSync(filePath, ...) fs. ... .lchown(filePath, ...) fs. ... .lchownSync(filePath, ...) fs. ... .link(filePath, ...) fs. ... .link($SMTH, filePath, ...) fs. ... .linkSync(filePath, ...) fs. ... .linkSync($SMTH, filePath, ...) fs. ... .lstat(filePath, ...) fs. ... .lstatSync(filePath, ...) fs. ... .lutimes(filePath, ...) fs. ... .lutimesSync(filePath, ...) fs. ... .mkdir(filePath, ...) fs. ... .mkdirSync(filePath, ...) fs. ... .mkdtemp(filePath, ...) fs. ... .mkdtempSync(filePath, ...) fs. ... .open(filePath, ...) fs. ... .openSync(filePath, ...) fs. ... .opendir(filePath, ...) fs. ... .opendirSync(filePath, ...) fs. ... .read(filePath, ...) fs. ... .read(filePath, ...) fs. ... .readFile(filePath, ...) fs. ... .readFileSync(filePath, ...) fs. ... .readSync(filePath, ...) fs. ... .readSync(filePath, ...) fs. ... .readdir(filePath, ...) fs. ... .readdirSync(filePath, ...) fs. ... .readlink(filePath, ...) fs. ... .readlinkSync(filePath, ...) fs. ... .readv(filePath, ...) fs. ... .readvSync(filePath, ...) fs. ... .realpath(filePath, ...) fs. ... .realpath.native(filePath, ...) fs. ... .realpathSync.native(filePath, ...) fs. ... .realpathync(filePath, ...) fs. ... .rename(filePath, ...) fs. ... .rename($SMTH, filePath, ...) fs. ... .renameSync(filePath, ...) fs. ... .renameSync($SMTH, filePath, ...) fs. ... .rm(filePath, ...) fs. ... .rmSync(filePath, ...) fs. ... .rmdir(filePath, ...) fs. ... .rmdirSync(filePath, ...) fs. ... .stat(filePath, ...) fs. ... .statSync(filePath, ...) fs. ... .symlink(filePath, ...) fs. ... .symlink($SMTH, filePath, ...) fs. ... .symlinkSync(filePath, ...) fs. ... .symlinkSync($SMTH, filePath, ...) fs. ... .truncate(filePath, ...) fs. ... .truncateSync(filePath, ...) fs. ... .unlink(filePath, ...) fs. ... .unlinkSync(filePath, ...) fs. ... .unwatchFile(filePath, ...) fs. ... .utimes(filePath, ...) fs. ... .utimesSync(filePath, ...) fs. ... .watch(filePath, ...) fs. ... .watchFile(filePath, ...) fs. ... .write(filePath, ...) fs. ... .writeFile(filePath, ...) fs. ... .writeFileSync(filePath, ...) fs. ... .writeSync(filePath, ...) fs. ... .writev(filePath, ...) fs. ... .writevSync(filePath, ...) filePath $METHOD("...", ...) access(filePath,...) accessSync(filePath, ...) appendFile(filePath,...) appendFileSync(filePath, ...) chmod(filePath,...) chmodSync(filePath, ...) chown(filePath,...) chownSync(filePath, ...) close(filePath,...) closeSync(filePath, ...) copyFile(filePath,...) copyFile($SMTH, filePath,...) copyFileSync(filePath, ...) copyFileSync($SMTH, filePath, ...) cp(filePath, ...) cp($SMTH, filePath, ...) cpSync(filePath, ...) cpSync($SMTH, filePath, ...) createReadStream(filePath,...) createWriteStream(filePath,...) exists(filePath, ...) existsSync(filePath, ...) fchmod(filePath, ...) fchmodSync(filePath, ...) fchown(filePath, ...) fchownSync(filePath, ...) fdatasync(filePath, ...) fdatasyncSync(filePath, ...) fstat(filePath, ...) fstatSync(filePath, ...) fsync(filePath, ...) fsyncSync(filePath, ...) ftruncate(filePath, ...) ftruncateSync(filePath, ...) futimes(filePath, ...) futimesSync(filePath, ...) lchmod(filePath, ...) lchmodSync(filePath, ...) lchown(filePath, ...) lchownSync(filePath, ...) link(filePath, ...) link($SMTH, filePath, ...) linkSync(filePath, ...) linkSync($SMTH, filePath, ...) lstat(filePath, ...) lstatSync(filePath, ...) lutimes(filePath, ...) lutimesSync(filePath, ...) mkdir(filePath, ...) mkdirSync(filePath, ...) mkdtemp(filePath, ...) mkdtempSync(filePath, ...) open(filePath, ...) openSync(filePath, ...) opendir(filePath, ...) opendirSync(filePath, ...) read(filePath, ...) read(filePath, ...) readFile(filePath, ...) readFileSync(filePath, ...) readSync(filePath, ...) readSync(filePath, ...) readdir(filePath, ...) readdirSync(filePath, ...) readlink(filePath, ...) readlinkSync(filePath, ...) readv(filePath, ...) readvSync(filePath, ...) realpath(filePath, ...) realpath.native(filePath, ...) realpathSync.native(filePath, ...) realpathync(filePath, ...) rename(filePath, ...) rename($SMTH, filePath, ...) renameSync(filePath, ...) renameSync($SMTH, filePath, ...) rm(filePath, ...) rmSync(filePath, ...) rmdir(filePath, ...) rmdirSync(filePath, ...) stat(filePath, ...) statSync(filePath, ...) symlink(filePath, ...) symlink($SMTH, filePath, ...) symlinkSync(filePath, ...) symlinkSync($SMTH, filePath, ...) truncate(filePath, ...) truncateSync(filePath, ...) unlink(filePath, ...) unlinkSync(filePath, ...) unwatchFile(filePath, ...) utimes(filePath, ...) utimesSync(filePath, ...) watch(filePath, ...) watchFile(filePath, ...) write(filePath, ...) writeFile(filePath, ...) writeFileSync(filePath, ...) writeSync(filePath, ...) writev(filePath, ...) writevSync(filePath, ...) import \'fs\'\n...\n import \'fs/promises\'\n...\n', PosixPath('scripts/fix-typescript-errors.ts'), 'config..semgrep.vendored-rules.javascript.lang.security.audit.detect-non-literal-fs-filename') match_id = 87dc434130f49725f820f85fe8478b7dfda11d97492676423bdc6685825f0903a33a939a69d96443d7f27e42b75ffa5a9c94fa604cba33d87227b423f1f35e66_0
2025-06-11 07:37:06,837 - semgrep.rule_match - DEBUG - match_key = ('filePath function ... (..., filePath,...) {...} filePath fs = require(\'fs\')\n...\n fs = require(\'fs/promises\')\n...\n import fs from \'fs\'\n...\n import fs from \'fs/promises\'\n...\n import * as fs from \'fs\'\n...\n import * as fs from \'fs/promises\'\n...\n fs. ... .$METHOD("...", ...) fs. ... .access(filePath,...) fs. ... .accessSync(filePath, ...) fs. ... .appendFile(filePath,...) fs. ... .appendFileSync(filePath, ...) fs. ... .chmod(filePath,...) fs. ... .chmodSync(filePath, ...) fs. ... .chown(filePath,...) fs. ... .chownSync(filePath, ...) fs. ... .close(filePath,...) fs. ... .closeSync(filePath, ...) fs. ... .copyFile(filePath,...) fs. ... .copyFile($SMTH, filePath,...) fs. ... .copyFileSync(filePath, ...) fs. ... .copyFileSync($SMTH, filePath, ...) fs. ... .cp(filePath, ...) fs. ... .cp($SMTH, filePath, ...) fs. ... .cpSync(filePath, ...) fs. ... .cpSync($SMTH, filePath, ...) fs. ... .createReadStream(filePath,...) fs. ... .createWriteStream(filePath,...) fs. ... .exists(filePath, ...) fs. ... .existsSync(filePath, ...) fs. ... .fchmod(filePath, ...) fs. ... .fchmodSync(filePath, ...) fs. ... .fchown(filePath, ...) fs. ... .fchownSync(filePath, ...) fs. ... .fdatasync(filePath, ...) fs. ... .fdatasyncSync(filePath, ...) fs. ... .fstat(filePath, ...) fs. ... .fstatSync(filePath, ...) fs. ... .fsync(filePath, ...) fs. ... .fsyncSync(filePath, ...) fs. ... .ftruncate(filePath, ...) fs. ... .ftruncateSync(filePath, ...) fs. ... .futimes(filePath, ...) fs. ... .futimesSync(filePath, ...) fs. ... .lchmod(filePath, ...) fs. ... .lchmodSync(filePath, ...) fs. ... .lchown(filePath, ...) fs. ... .lchownSync(filePath, ...) fs. ... .link(filePath, ...) fs. ... .link($SMTH, filePath, ...) fs. ... .linkSync(filePath, ...) fs. ... .linkSync($SMTH, filePath, ...) fs. ... .lstat(filePath, ...) fs. ... .lstatSync(filePath, ...) fs. ... .lutimes(filePath, ...) fs. ... .lutimesSync(filePath, ...) fs. ... .mkdir(filePath, ...) fs. ... .mkdirSync(filePath, ...) fs. ... .mkdtemp(filePath, ...) fs. ... .mkdtempSync(filePath, ...) fs. ... .open(filePath, ...) fs. ... .openSync(filePath, ...) fs. ... .opendir(filePath, ...) fs. ... .opendirSync(filePath, ...) fs. ... .read(filePath, ...) fs. ... .read(filePath, ...) fs. ... .readFile(filePath, ...) fs. ... .readFileSync(filePath, ...) fs. ... .readSync(filePath, ...) fs. ... .readSync(filePath, ...) fs. ... .readdir(filePath, ...) fs. ... .readdirSync(filePath, ...) fs. ... .readlink(filePath, ...) fs. ... .readlinkSync(filePath, ...) fs. ... .readv(filePath, ...) fs. ... .readvSync(filePath, ...) fs. ... .realpath(filePath, ...) fs. ... .realpath.native(filePath, ...) fs. ... .realpathSync.native(filePath, ...) fs. ... .realpathync(filePath, ...) fs. ... .rename(filePath, ...) fs. ... .rename($SMTH, filePath, ...) fs. ... .renameSync(filePath, ...) fs. ... .renameSync($SMTH, filePath, ...) fs. ... .rm(filePath, ...) fs. ... .rmSync(filePath, ...) fs. ... .rmdir(filePath, ...) fs. ... .rmdirSync(filePath, ...) fs. ... .stat(filePath, ...) fs. ... .statSync(filePath, ...) fs. ... .symlink(filePath, ...) fs. ... .symlink($SMTH, filePath, ...) fs. ... .symlinkSync(filePath, ...) fs. ... .symlinkSync($SMTH, filePath, ...) fs. ... .truncate(filePath, ...) fs. ... .truncateSync(filePath, ...) fs. ... .unlink(filePath, ...) fs. ... .unlinkSync(filePath, ...) fs. ... .unwatchFile(filePath, ...) fs. ... .utimes(filePath, ...) fs. ... .utimesSync(filePath, ...) fs. ... .watch(filePath, ...) fs. ... .watchFile(filePath, ...) fs. ... .write(filePath, ...) fs. ... .writeFile(filePath, ...) fs. ... .writeFileSync(filePath, ...) fs. ... .writeSync(filePath, ...) fs. ... .writev(filePath, ...) fs. ... .writevSync(filePath, ...) filePath $METHOD("...", ...) access(filePath,...) accessSync(filePath, ...) appendFile(filePath,...) appendFileSync(filePath, ...) chmod(filePath,...) chmodSync(filePath, ...) chown(filePath,...) chownSync(filePath, ...) close(filePath,...) closeSync(filePath, ...) copyFile(filePath,...) copyFile($SMTH, filePath,...) copyFileSync(filePath, ...) copyFileSync($SMTH, filePath, ...) cp(filePath, ...) cp($SMTH, filePath, ...) cpSync(filePath, ...) cpSync($SMTH, filePath, ...) createReadStream(filePath,...) createWriteStream(filePath,...) exists(filePath, ...) existsSync(filePath, ...) fchmod(filePath, ...) fchmodSync(filePath, ...) fchown(filePath, ...) fchownSync(filePath, ...) fdatasync(filePath, ...) fdatasyncSync(filePath, ...) fstat(filePath, ...) fstatSync(filePath, ...) fsync(filePath, ...) fsyncSync(filePath, ...) ftruncate(filePath, ...) ftruncateSync(filePath, ...) futimes(filePath, ...) futimesSync(filePath, ...) lchmod(filePath, ...) lchmodSync(filePath, ...) lchown(filePath, ...) lchownSync(filePath, ...) link(filePath, ...) link($SMTH, filePath, ...) linkSync(filePath, ...) linkSync($SMTH, filePath, ...) lstat(filePath, ...) lstatSync(filePath, ...) lutimes(filePath, ...) lutimesSync(filePath, ...) mkdir(filePath, ...) mkdirSync(filePath, ...) mkdtemp(filePath, ...) mkdtempSync(filePath, ...) open(filePath, ...) openSync(filePath, ...) opendir(filePath, ...) opendirSync(filePath, ...) read(filePath, ...) read(filePath, ...) readFile(filePath, ...) readFileSync(filePath, ...) readSync(filePath, ...) readSync(filePath, ...) readdir(filePath, ...) readdirSync(filePath, ...) readlink(filePath, ...) readlinkSync(filePath, ...) readv(filePath, ...) readvSync(filePath, ...) realpath(filePath, ...) realpath.native(filePath, ...) realpathSync.native(filePath, ...) realpathync(filePath, ...) rename(filePath, ...) rename($SMTH, filePath, ...) renameSync(filePath, ...) renameSync($SMTH, filePath, ...) rm(filePath, ...) rmSync(filePath, ...) rmdir(filePath, ...) rmdirSync(filePath, ...) stat(filePath, ...) statSync(filePath, ...) symlink(filePath, ...) symlink($SMTH, filePath, ...) symlinkSync(filePath, ...) symlinkSync($SMTH, filePath, ...) truncate(filePath, ...) truncateSync(filePath, ...) unlink(filePath, ...) unlinkSync(filePath, ...) unwatchFile(filePath, ...) utimes(filePath, ...) utimesSync(filePath, ...) watch(filePath, ...) watchFile(filePath, ...) write(filePath, ...) writeFile(filePath, ...) writeFileSync(filePath, ...) writeSync(filePath, ...) writev(filePath, ...) writevSync(filePath, ...) import \'fs\'\n...\n import \'fs/promises\'\n...\n', PosixPath('scripts/fix-typescript-errors.ts'), 'config..semgrep.vendored-rules.javascript.lang.security.audit.detect-non-literal-fs-filename') match_id = 87dc434130f49725f820f85fe8478b7dfda11d97492676423bdc6685825f0903a33a939a69d96443d7f27e42b75ffa5a9c94fa604cba33d87227b423f1f35e66_0
2025-06-11 07:37:06,838 - semgrep.rule_match - DEBUG - match_key = ('', PosixPath('scripts/fix-typescript-errors.ts'), 'config..semgrep.vendored-rules.javascript.lang.security.audit.detect-non-literal-fs-filename') match_id = ebe2e6770f50e30248b05b032337034db3a5e500f9b72a8f67886fc00b5e317fe1f6233c84fce008c2c8f11893b2f6d05eeda2459655a397c32d790568933b8a_0
2025-06-11 07:37:06,838 - semgrep.rule_match - DEBUG - match_key = ('filePath function ... (..., filePath,...) {...} filePath fs = require(\'fs\')\n...\n fs = require(\'fs/promises\')\n...\n import fs from \'fs\'\n...\n import fs from \'fs/promises\'\n...\n import * as fs from \'fs\'\n...\n import * as fs from \'fs/promises\'\n...\n fs. ... .$METHOD("...", ...) fs. ... .access(filePath,...) fs. ... .accessSync(filePath, ...) fs. ... .appendFile(filePath,...) fs. ... .appendFileSync(filePath, ...) fs. ... .chmod(filePath,...) fs. ... .chmodSync(filePath, ...) fs. ... .chown(filePath,...) fs. ... .chownSync(filePath, ...) fs. ... .close(filePath,...) fs. ... .closeSync(filePath, ...) fs. ... .copyFile(filePath,...) fs. ... .copyFile($SMTH, filePath,...) fs. ... .copyFileSync(filePath, ...) fs. ... .copyFileSync($SMTH, filePath, ...) fs. ... .cp(filePath, ...) fs. ... .cp($SMTH, filePath, ...) fs. ... .cpSync(filePath, ...) fs. ... .cpSync($SMTH, filePath, ...) fs. ... .createReadStream(filePath,...) fs. ... .createWriteStream(filePath,...) fs. ... .exists(filePath, ...) fs. ... .existsSync(filePath, ...) fs. ... .fchmod(filePath, ...) fs. ... .fchmodSync(filePath, ...) fs. ... .fchown(filePath, ...) fs. ... .fchownSync(filePath, ...) fs. ... .fdatasync(filePath, ...) fs. ... .fdatasyncSync(filePath, ...) fs. ... .fstat(filePath, ...) fs. ... .fstatSync(filePath, ...) fs. ... .fsync(filePath, ...) fs. ... .fsyncSync(filePath, ...) fs. ... .ftruncate(filePath, ...) fs. ... .ftruncateSync(filePath, ...) fs. ... .futimes(filePath, ...) fs. ... .futimesSync(filePath, ...) fs. ... .lchmod(filePath, ...) fs. ... .lchmodSync(filePath, ...) fs. ... .lchown(filePath, ...) fs. ... .lchownSync(filePath, ...) fs. ... .link(filePath, ...) fs. ... .link($SMTH, filePath, ...) fs. ... .linkSync(filePath, ...) fs. ... .linkSync($SMTH, filePath, ...) fs. ... .lstat(filePath, ...) fs. ... .lstatSync(filePath, ...) fs. ... .lutimes(filePath, ...) fs. ... .lutimesSync(filePath, ...) fs. ... .mkdir(filePath, ...) fs. ... .mkdirSync(filePath, ...) fs. ... .mkdtemp(filePath, ...) fs. ... .mkdtempSync(filePath, ...) fs. ... .open(filePath, ...) fs. ... .openSync(filePath, ...) fs. ... .opendir(filePath, ...) fs. ... .opendirSync(filePath, ...) fs. ... .read(filePath, ...) fs. ... .read(filePath, ...) fs. ... .readFile(filePath, ...) fs. ... .readFileSync(filePath, ...) fs. ... .readSync(filePath, ...) fs. ... .readSync(filePath, ...) fs. ... .readdir(filePath, ...) fs. ... .readdirSync(filePath, ...) fs. ... .readlink(filePath, ...) fs. ... .readlinkSync(filePath, ...) fs. ... .readv(filePath, ...) fs. ... .readvSync(filePath, ...) fs. ... .realpath(filePath, ...) fs. ... .realpath.native(filePath, ...) fs. ... .realpathSync.native(filePath, ...) fs. ... .realpathync(filePath, ...) fs. ... .rename(filePath, ...) fs. ... .rename($SMTH, filePath, ...) fs. ... .renameSync(filePath, ...) fs. ... .renameSync($SMTH, filePath, ...) fs. ... .rm(filePath, ...) fs. ... .rmSync(filePath, ...) fs. ... .rmdir(filePath, ...) fs. ... .rmdirSync(filePath, ...) fs. ... .stat(filePath, ...) fs. ... .statSync(filePath, ...) fs. ... .symlink(filePath, ...) fs. ... .symlink($SMTH, filePath, ...) fs. ... .symlinkSync(filePath, ...) fs. ... .symlinkSync($SMTH, filePath, ...) fs. ... .truncate(filePath, ...) fs. ... .truncateSync(filePath, ...) fs. ... .unlink(filePath, ...) fs. ... .unlinkSync(filePath, ...) fs. ... .unwatchFile(filePath, ...) fs. ... .utimes(filePath, ...) fs. ... .utimesSync(filePath, ...) fs. ... .watch(filePath, ...) fs. ... .watchFile(filePath, ...) fs. ... .write(filePath, ...) fs. ... .writeFile(filePath, ...) fs. ... .writeFileSync(filePath, ...) fs. ... .writeSync(filePath, ...) fs. ... .writev(filePath, ...) fs. ... .writevSync(filePath, ...) filePath $METHOD("...", ...) access(filePath,...) accessSync(filePath, ...) appendFile(filePath,...) appendFileSync(filePath, ...) chmod(filePath,...) chmodSync(filePath, ...) chown(filePath,...) chownSync(filePath, ...) close(filePath,...) closeSync(filePath, ...) copyFile(filePath,...) copyFile($SMTH, filePath,...) copyFileSync(filePath, ...) copyFileSync($SMTH, filePath, ...) cp(filePath, ...) cp($SMTH, filePath, ...) cpSync(filePath, ...) cpSync($SMTH, filePath, ...) createReadStream(filePath,...) createWriteStream(filePath,...) exists(filePath, ...) existsSync(filePath, ...) fchmod(filePath, ...) fchmodSync(filePath, ...) fchown(filePath, ...) fchownSync(filePath, ...) fdatasync(filePath, ...) fdatasyncSync(filePath, ...) fstat(filePath, ...) fstatSync(filePath, ...) fsync(filePath, ...) fsyncSync(filePath, ...) ftruncate(filePath, ...) ftruncateSync(filePath, ...) futimes(filePath, ...) futimesSync(filePath, ...) lchmod(filePath, ...) lchmodSync(filePath, ...) lchown(filePath, ...) lchownSync(filePath, ...) link(filePath, ...) link($SMTH, filePath, ...) linkSync(filePath, ...) linkSync($SMTH, filePath, ...) lstat(filePath, ...) lstatSync(filePath, ...) lutimes(filePath, ...) lutimesSync(filePath, ...) mkdir(filePath, ...) mkdirSync(filePath, ...) mkdtemp(filePath, ...) mkdtempSync(filePath, ...) open(filePath, ...) openSync(filePath, ...) opendir(filePath, ...) opendirSync(filePath, ...) read(filePath, ...) read(filePath, ...) readFile(filePath, ...) readFileSync(filePath, ...) readSync(filePath, ...) readSync(filePath, ...) readdir(filePath, ...) readdirSync(filePath, ...) readlink(filePath, ...) readlinkSync(filePath, ...) readv(filePath, ...) readvSync(filePath, ...) realpath(filePath, ...) realpath.native(filePath, ...) realpathSync.native(filePath, ...) realpathync(filePath, ...) rename(filePath, ...) rename($SMTH, filePath, ...) renameSync(filePath, ...) renameSync($SMTH, filePath, ...) rm(filePath, ...) rmSync(filePath, ...) rmdir(filePath, ...) rmdirSync(filePath, ...) stat(filePath, ...) statSync(filePath, ...) symlink(filePath, ...) symlink($SMTH, filePath, ...) symlinkSync(filePath, ...) symlinkSync($SMTH, filePath, ...) truncate(filePath, ...) truncateSync(filePath, ...) unlink(filePath, ...) unlinkSync(filePath, ...) unwatchFile(filePath, ...) utimes(filePath, ...) utimesSync(filePath, ...) watch(filePath, ...) watchFile(filePath, ...) write(filePath, ...) writeFile(filePath, ...) writeFileSync(filePath, ...) writeSync(filePath, ...) writev(filePath, ...) writevSync(filePath, ...) import \'fs\'\n...\n import \'fs/promises\'\n...\n', PosixPath('scripts/fix-typescript-errors.ts'), 'config..semgrep.vendored-rules.javascript.lang.security.audit.detect-non-literal-fs-filename') match_id = 87dc434130f49725f820f85fe8478b7dfda11d97492676423bdc6685825f0903a33a939a69d96443d7f27e42b75ffa5a9c94fa604cba33d87227b423f1f35e66_0
2025-06-11 07:37:06,839 - semgrep.rule_match - DEBUG - match_key = ('filePath function ... (..., filePath,...) {...} filePath fs = require(\'fs\')\n...\n fs = require(\'fs/promises\')\n...\n import fs from \'fs\'\n...\n import fs from \'fs/promises\'\n...\n import * as fs from \'fs\'\n...\n import * as fs from \'fs/promises\'\n...\n fs. ... .$METHOD("...", ...) fs. ... .access(filePath,...) fs. ... .accessSync(filePath, ...) fs. ... .appendFile(filePath,...) fs. ... .appendFileSync(filePath, ...) fs. ... .chmod(filePath,...) fs. ... .chmodSync(filePath, ...) fs. ... .chown(filePath,...) fs. ... .chownSync(filePath, ...) fs. ... .close(filePath,...) fs. ... .closeSync(filePath, ...) fs. ... .copyFile(filePath,...) fs. ... .copyFile($SMTH, filePath,...) fs. ... .copyFileSync(filePath, ...) fs. ... .copyFileSync($SMTH, filePath, ...) fs. ... .cp(filePath, ...) fs. ... .cp($SMTH, filePath, ...) fs. ... .cpSync(filePath, ...) fs. ... .cpSync($SMTH, filePath, ...) fs. ... .createReadStream(filePath,...) fs. ... .createWriteStream(filePath,...) fs. ... .exists(filePath, ...) fs. ... .existsSync(filePath, ...) fs. ... .fchmod(filePath, ...) fs. ... .fchmodSync(filePath, ...) fs. ... .fchown(filePath, ...) fs. ... .fchownSync(filePath, ...) fs. ... .fdatasync(filePath, ...) fs. ... .fdatasyncSync(filePath, ...) fs. ... .fstat(filePath, ...) fs. ... .fstatSync(filePath, ...) fs. ... .fsync(filePath, ...) fs. ... .fsyncSync(filePath, ...) fs. ... .ftruncate(filePath, ...) fs. ... .ftruncateSync(filePath, ...) fs. ... .futimes(filePath, ...) fs. ... .futimesSync(filePath, ...) fs. ... .lchmod(filePath, ...) fs. ... .lchmodSync(filePath, ...) fs. ... .lchown(filePath, ...) fs. ... .lchownSync(filePath, ...) fs. ... .link(filePath, ...) fs. ... .link($SMTH, filePath, ...) fs. ... .linkSync(filePath, ...) fs. ... .linkSync($SMTH, filePath, ...) fs. ... .lstat(filePath, ...) fs. ... .lstatSync(filePath, ...) fs. ... .lutimes(filePath, ...) fs. ... .lutimesSync(filePath, ...) fs. ... .mkdir(filePath, ...) fs. ... .mkdirSync(filePath, ...) fs. ... .mkdtemp(filePath, ...) fs. ... .mkdtempSync(filePath, ...) fs. ... .open(filePath, ...) fs. ... .openSync(filePath, ...) fs. ... .opendir(filePath, ...) fs. ... .opendirSync(filePath, ...) fs. ... .read(filePath, ...) fs. ... .read(filePath, ...) fs. ... .readFile(filePath, ...) fs. ... .readFileSync(filePath, ...) fs. ... .readSync(filePath, ...) fs. ... .readSync(filePath, ...) fs. ... .readdir(filePath, ...) fs. ... .readdirSync(filePath, ...) fs. ... .readlink(filePath, ...) fs. ... .readlinkSync(filePath, ...) fs. ... .readv(filePath, ...) fs. ... .readvSync(filePath, ...) fs. ... .realpath(filePath, ...) fs. ... .realpath.native(filePath, ...) fs. ... .realpathSync.native(filePath, ...) fs. ... .realpathync(filePath, ...) fs. ... .rename(filePath, ...) fs. ... .rename($SMTH, filePath, ...) fs. ... .renameSync(filePath, ...) fs. ... .renameSync($SMTH, filePath, ...) fs. ... .rm(filePath, ...) fs. ... .rmSync(filePath, ...) fs. ... .rmdir(filePath, ...) fs. ... .rmdirSync(filePath, ...) fs. ... .stat(filePath, ...) fs. ... .statSync(filePath, ...) fs. ... .symlink(filePath, ...) fs. ... .symlink($SMTH, filePath, ...) fs. ... .symlinkSync(filePath, ...) fs. ... .symlinkSync($SMTH, filePath, ...) fs. ... .truncate(filePath, ...) fs. ... .truncateSync(filePath, ...) fs. ... .unlink(filePath, ...) fs. ... .unlinkSync(filePath, ...) fs. ... .unwatchFile(filePath, ...) fs. ... .utimes(filePath, ...) fs. ... .utimesSync(filePath, ...) fs. ... .watch(filePath, ...) fs. ... .watchFile(filePath, ...) fs. ... .write(filePath, ...) fs. ... .writeFile(filePath, ...) fs. ... .writeFileSync(filePath, ...) fs. ... .writeSync(filePath, ...) fs. ... .writev(filePath, ...) fs. ... .writevSync(filePath, ...) filePath $METHOD("...", ...) access(filePath,...) accessSync(filePath, ...) appendFile(filePath,...) appendFileSync(filePath, ...) chmod(filePath,...) chmodSync(filePath, ...) chown(filePath,...) chownSync(filePath, ...) close(filePath,...) closeSync(filePath, ...) copyFile(filePath,...) copyFile($SMTH, filePath,...) copyFileSync(filePath, ...) copyFileSync($SMTH, filePath, ...) cp(filePath, ...) cp($SMTH, filePath, ...) cpSync(filePath, ...) cpSync($SMTH, filePath, ...) createReadStream(filePath,...) createWriteStream(filePath,...) exists(filePath, ...) existsSync(filePath, ...) fchmod(filePath, ...) fchmodSync(filePath, ...) fchown(filePath, ...) fchownSync(filePath, ...) fdatasync(filePath, ...) fdatasyncSync(filePath, ...) fstat(filePath, ...) fstatSync(filePath, ...) fsync(filePath, ...) fsyncSync(filePath, ...) ftruncate(filePath, ...) ftruncateSync(filePath, ...) futimes(filePath, ...) futimesSync(filePath, ...) lchmod(filePath, ...) lchmodSync(filePath, ...) lchown(filePath, ...) lchownSync(filePath, ...) link(filePath, ...) link($SMTH, filePath, ...) linkSync(filePath, ...) linkSync($SMTH, filePath, ...) lstat(filePath, ...) lstatSync(filePath, ...) lutimes(filePath, ...) lutimesSync(filePath, ...) mkdir(filePath, ...) mkdirSync(filePath, ...) mkdtemp(filePath, ...) mkdtempSync(filePath, ...) open(filePath, ...) openSync(filePath, ...) opendir(filePath, ...) opendirSync(filePath, ...) read(filePath, ...) read(filePath, ...) readFile(filePath, ...) readFileSync(filePath, ...) readSync(filePath, ...) readSync(filePath, ...) readdir(filePath, ...) readdirSync(filePath, ...) readlink(filePath, ...) readlinkSync(filePath, ...) readv(filePath, ...) readvSync(filePath, ...) realpath(filePath, ...) realpath.native(filePath, ...) realpathSync.native(filePath, ...) realpathync(filePath, ...) rename(filePath, ...) rename($SMTH, filePath, ...) renameSync(filePath, ...) renameSync($SMTH, filePath, ...) rm(filePath, ...) rmSync(filePath, ...) rmdir(filePath, ...) rmdirSync(filePath, ...) stat(filePath, ...) statSync(filePath, ...) symlink(filePath, ...) symlink($SMTH, filePath, ...) symlinkSync(filePath, ...) symlinkSync($SMTH, filePath, ...) truncate(filePath, ...) truncateSync(filePath, ...) unlink(filePath, ...) unlinkSync(filePath, ...) unwatchFile(filePath, ...) utimes(filePath, ...) utimesSync(filePath, ...) watch(filePath, ...) watchFile(filePath, ...) write(filePath, ...) writeFile(filePath, ...) writeFileSync(filePath, ...) writeSync(filePath, ...) writev(filePath, ...) writevSync(filePath, ...) import \'fs\'\n...\n import \'fs/promises\'\n...\n', PosixPath('scripts/fix-typescript-errors.ts'), 'config..semgrep.vendored-rules.javascript.lang.security.audit.detect-non-literal-fs-filename') match_id = 87dc434130f49725f820f85fe8478b7dfda11d97492676423bdc6685825f0903a33a939a69d96443d7f27e42b75ffa5a9c94fa604cba33d87227b423f1f35e66_0
2025-06-11 07:37:06,840 - semgrep.rule_match - DEBUG - match_key = ('filePath function ... (..., filePath,...) {...} filePath fs = require(\'fs\')\n...\n fs = require(\'fs/promises\')\n...\n import fs from \'fs\'\n...\n import fs from \'fs/promises\'\n...\n import * as fs from \'fs\'\n...\n import * as fs from \'fs/promises\'\n...\n fs. ... .$METHOD("...", ...) fs. ... .access(filePath,...) fs. ... .accessSync(filePath, ...) fs. ... .appendFile(filePath,...) fs. ... .appendFileSync(filePath, ...) fs. ... .chmod(filePath,...) fs. ... .chmodSync(filePath, ...) fs. ... .chown(filePath,...) fs. ... .chownSync(filePath, ...) fs. ... .close(filePath,...) fs. ... .closeSync(filePath, ...) fs. ... .copyFile(filePath,...) fs. ... .copyFile($SMTH, filePath,...) fs. ... .copyFileSync(filePath, ...) fs. ... .copyFileSync($SMTH, filePath, ...) fs. ... .cp(filePath, ...) fs. ... .cp($SMTH, filePath, ...) fs. ... .cpSync(filePath, ...) fs. ... .cpSync($SMTH, filePath, ...) fs. ... .createReadStream(filePath,...) fs. ... .createWriteStream(filePath,...) fs. ... .exists(filePath, ...) fs. ... .existsSync(filePath, ...) fs. ... .fchmod(filePath, ...) fs. ... .fchmodSync(filePath, ...) fs. ... .fchown(filePath, ...) fs. ... .fchownSync(filePath, ...) fs. ... .fdatasync(filePath, ...) fs. ... .fdatasyncSync(filePath, ...) fs. ... .fstat(filePath, ...) fs. ... .fstatSync(filePath, ...) fs. ... .fsync(filePath, ...) fs. ... .fsyncSync(filePath, ...) fs. ... .ftruncate(filePath, ...) fs. ... .ftruncateSync(filePath, ...) fs. ... .futimes(filePath, ...) fs. ... .futimesSync(filePath, ...) fs. ... .lchmod(filePath, ...) fs. ... .lchmodSync(filePath, ...) fs. ... .lchown(filePath, ...) fs. ... .lchownSync(filePath, ...) fs. ... .link(filePath, ...) fs. ... .link($SMTH, filePath, ...) fs. ... .linkSync(filePath, ...) fs. ... .linkSync($SMTH, filePath, ...) fs. ... .lstat(filePath, ...) fs. ... .lstatSync(filePath, ...) fs. ... .lutimes(filePath, ...) fs. ... .lutimesSync(filePath, ...) fs. ... .mkdir(filePath, ...) fs. ... .mkdirSync(filePath, ...) fs. ... .mkdtemp(filePath, ...) fs. ... .mkdtempSync(filePath, ...) fs. ... .open(filePath, ...) fs. ... .openSync(filePath, ...) fs. ... .opendir(filePath, ...) fs. ... .opendirSync(filePath, ...) fs. ... .read(filePath, ...) fs. ... .read(filePath, ...) fs. ... .readFile(filePath, ...) fs. ... .readFileSync(filePath, ...) fs. ... .readSync(filePath, ...) fs. ... .readSync(filePath, ...) fs. ... .readdir(filePath, ...) fs. ... .readdirSync(filePath, ...) fs. ... .readlink(filePath, ...) fs. ... .readlinkSync(filePath, ...) fs. ... .readv(filePath, ...) fs. ... .readvSync(filePath, ...) fs. ... .realpath(filePath, ...) fs. ... .realpath.native(filePath, ...) fs. ... .realpathSync.native(filePath, ...) fs. ... .realpathync(filePath, ...) fs. ... .rename(filePath, ...) fs. ... .rename($SMTH, filePath, ...) fs. ... .renameSync(filePath, ...) fs. ... .renameSync($SMTH, filePath, ...) fs. ... .rm(filePath, ...) fs. ... .rmSync(filePath, ...) fs. ... .rmdir(filePath, ...) fs. ... .rmdirSync(filePath, ...) fs. ... .stat(filePath, ...) fs. ... .statSync(filePath, ...) fs. ... .symlink(filePath, ...) fs. ... .symlink($SMTH, filePath, ...) fs. ... .symlinkSync(filePath, ...) fs. ... .symlinkSync($SMTH, filePath, ...) fs. ... .truncate(filePath, ...) fs. ... .truncateSync(filePath, ...) fs. ... .unlink(filePath, ...) fs. ... .unlinkSync(filePath, ...) fs. ... .unwatchFile(filePath, ...) fs. ... .utimes(filePath, ...) fs. ... .utimesSync(filePath, ...) fs. ... .watch(filePath, ...) fs. ... .watchFile(filePath, ...) fs. ... .write(filePath, ...) fs. ... .writeFile(filePath, ...) fs. ... .writeFileSync(filePath, ...) fs. ... .writeSync(filePath, ...) fs. ... .writev(filePath, ...) fs. ... .writevSync(filePath, ...) filePath $METHOD("...", ...) access(filePath,...) accessSync(filePath, ...) appendFile(filePath,...) appendFileSync(filePath, ...) chmod(filePath,...) chmodSync(filePath, ...) chown(filePath,...) chownSync(filePath, ...) close(filePath,...) closeSync(filePath, ...) copyFile(filePath,...) copyFile($SMTH, filePath,...) copyFileSync(filePath, ...) copyFileSync($SMTH, filePath, ...) cp(filePath, ...) cp($SMTH, filePath, ...) cpSync(filePath, ...) cpSync($SMTH, filePath, ...) createReadStream(filePath,...) createWriteStream(filePath,...) exists(filePath, ...) existsSync(filePath, ...) fchmod(filePath, ...) fchmodSync(filePath, ...) fchown(filePath, ...) fchownSync(filePath, ...) fdatasync(filePath, ...) fdatasyncSync(filePath, ...) fstat(filePath, ...) fstatSync(filePath, ...) fsync(filePath, ...) fsyncSync(filePath, ...) ftruncate(filePath, ...) ftruncateSync(filePath, ...) futimes(filePath, ...) futimesSync(filePath, ...) lchmod(filePath, ...) lchmodSync(filePath, ...) lchown(filePath, ...) lchownSync(filePath, ...) link(filePath, ...) link($SMTH, filePath, ...) linkSync(filePath, ...) linkSync($SMTH, filePath, ...) lstat(filePath, ...) lstatSync(filePath, ...) lutimes(filePath, ...) lutimesSync(filePath, ...) mkdir(filePath, ...) mkdirSync(filePath, ...) mkdtemp(filePath, ...) mkdtempSync(filePath, ...) open(filePath, ...) openSync(filePath, ...) opendir(filePath, ...) opendirSync(filePath, ...) read(filePath, ...) read(filePath, ...) readFile(filePath, ...) readFileSync(filePath, ...) readSync(filePath, ...) readSync(filePath, ...) readdir(filePath, ...) readdirSync(filePath, ...) readlink(filePath, ...) readlinkSync(filePath, ...) readv(filePath, ...) readvSync(filePath, ...) realpath(filePath, ...) realpath.native(filePath, ...) realpathSync.native(filePath, ...) realpathync(filePath, ...) rename(filePath, ...) rename($SMTH, filePath, ...) renameSync(filePath, ...) renameSync($SMTH, filePath, ...) rm(filePath, ...) rmSync(filePath, ...) rmdir(filePath, ...) rmdirSync(filePath, ...) stat(filePath, ...) statSync(filePath, ...) symlink(filePath, ...) symlink($SMTH, filePath, ...) symlinkSync(filePath, ...) symlinkSync($SMTH, filePath, ...) truncate(filePath, ...) truncateSync(filePath, ...) unlink(filePath, ...) unlinkSync(filePath, ...) unwatchFile(filePath, ...) utimes(filePath, ...) utimesSync(filePath, ...) watch(filePath, ...) watchFile(filePath, ...) write(filePath, ...) writeFile(filePath, ...) writeFileSync(filePath, ...) writeSync(filePath, ...) writev(filePath, ...) writevSync(filePath, ...) import \'fs\'\n...\n import \'fs/promises\'\n...\n', PosixPath('scripts/fix-typescript-errors.ts'), 'config..semgrep.vendored-rules.javascript.lang.security.audit.detect-non-literal-fs-filename') match_id = 87dc434130f49725f820f85fe8478b7dfda11d97492676423bdc6685825f0903a33a939a69d96443d7f27e42b75ffa5a9c94fa604cba33d87227b423f1f35e66_1
2025-06-11 07:37:06,840 - semgrep.rule_match - DEBUG - match_key = ('', PosixPath('scripts/fix-typescript-errors.ts'), 'config..semgrep.vendored-rules.javascript.lang.security.audit.detect-non-literal-fs-filename') match_id = ebe2e6770f50e30248b05b032337034db3a5e500f9b72a8f67886fc00b5e317fe1f6233c84fce008c2c8f11893b2f6d05eeda2459655a397c32d790568933b8a_0
2025-06-11 07:37:06,841 - semgrep.rule_match - DEBUG - match_key = ('filePath function ... (..., filePath,...) {...} filePath fs = require(\'fs\')\n...\n fs = require(\'fs/promises\')\n...\n import fs from \'fs\'\n...\n import fs from \'fs/promises\'\n...\n import * as fs from \'fs\'\n...\n import * as fs from \'fs/promises\'\n...\n fs. ... .$METHOD("...", ...) fs. ... .access(filePath,...) fs. ... .accessSync(filePath, ...) fs. ... .appendFile(filePath,...) fs. ... .appendFileSync(filePath, ...) fs. ... .chmod(filePath,...) fs. ... .chmodSync(filePath, ...) fs. ... .chown(filePath,...) fs. ... .chownSync(filePath, ...) fs. ... .close(filePath,...) fs. ... .closeSync(filePath, ...) fs. ... .copyFile(filePath,...) fs. ... .copyFile($SMTH, filePath,...) fs. ... .copyFileSync(filePath, ...) fs. ... .copyFileSync($SMTH, filePath, ...) fs. ... .cp(filePath, ...) fs. ... .cp($SMTH, filePath, ...) fs. ... .cpSync(filePath, ...) fs. ... .cpSync($SMTH, filePath, ...) fs. ... .createReadStream(filePath,...) fs. ... .createWriteStream(filePath,...) fs. ... .exists(filePath, ...) fs. ... .existsSync(filePath, ...) fs. ... .fchmod(filePath, ...) fs. ... .fchmodSync(filePath, ...) fs. ... .fchown(filePath, ...) fs. ... .fchownSync(filePath, ...) fs. ... .fdatasync(filePath, ...) fs. ... .fdatasyncSync(filePath, ...) fs. ... .fstat(filePath, ...) fs. ... .fstatSync(filePath, ...) fs. ... .fsync(filePath, ...) fs. ... .fsyncSync(filePath, ...) fs. ... .ftruncate(filePath, ...) fs. ... .ftruncateSync(filePath, ...) fs. ... .futimes(filePath, ...) fs. ... .futimesSync(filePath, ...) fs. ... .lchmod(filePath, ...) fs. ... .lchmodSync(filePath, ...) fs. ... .lchown(filePath, ...) fs. ... .lchownSync(filePath, ...) fs. ... .link(filePath, ...) fs. ... .link($SMTH, filePath, ...) fs. ... .linkSync(filePath, ...) fs. ... .linkSync($SMTH, filePath, ...) fs. ... .lstat(filePath, ...) fs. ... .lstatSync(filePath, ...) fs. ... .lutimes(filePath, ...) fs. ... .lutimesSync(filePath, ...) fs. ... .mkdir(filePath, ...) fs. ... .mkdirSync(filePath, ...) fs. ... .mkdtemp(filePath, ...) fs. ... .mkdtempSync(filePath, ...) fs. ... .open(filePath, ...) fs. ... .openSync(filePath, ...) fs. ... .opendir(filePath, ...) fs. ... .opendirSync(filePath, ...) fs. ... .read(filePath, ...) fs. ... .read(filePath, ...) fs. ... .readFile(filePath, ...) fs. ... .readFileSync(filePath, ...) fs. ... .readSync(filePath, ...) fs. ... .readSync(filePath, ...) fs. ... .readdir(filePath, ...) fs. ... .readdirSync(filePath, ...) fs. ... .readlink(filePath, ...) fs. ... .readlinkSync(filePath, ...) fs. ... .readv(filePath, ...) fs. ... .readvSync(filePath, ...) fs. ... .realpath(filePath, ...) fs. ... .realpath.native(filePath, ...) fs. ... .realpathSync.native(filePath, ...) fs. ... .realpathync(filePath, ...) fs. ... .rename(filePath, ...) fs. ... .rename($SMTH, filePath, ...) fs. ... .renameSync(filePath, ...) fs. ... .renameSync($SMTH, filePath, ...) fs. ... .rm(filePath, ...) fs. ... .rmSync(filePath, ...) fs. ... .rmdir(filePath, ...) fs. ... .rmdirSync(filePath, ...) fs. ... .stat(filePath, ...) fs. ... .statSync(filePath, ...) fs. ... .symlink(filePath, ...) fs. ... .symlink($SMTH, filePath, ...) fs. ... .symlinkSync(filePath, ...) fs. ... .symlinkSync($SMTH, filePath, ...) fs. ... .truncate(filePath, ...) fs. ... .truncateSync(filePath, ...) fs. ... .unlink(filePath, ...) fs. ... .unlinkSync(filePath, ...) fs. ... .unwatchFile(filePath, ...) fs. ... .utimes(filePath, ...) fs. ... .utimesSync(filePath, ...) fs. ... .watch(filePath, ...) fs. ... .watchFile(filePath, ...) fs. ... .write(filePath, ...) fs. ... .writeFile(filePath, ...) fs. ... .writeFileSync(filePath, ...) fs. ... .writeSync(filePath, ...) fs. ... .writev(filePath, ...) fs. ... .writevSync(filePath, ...) filePath $METHOD("...", ...) access(filePath,...) accessSync(filePath, ...) appendFile(filePath,...) appendFileSync(filePath, ...) chmod(filePath,...) chmodSync(filePath, ...) chown(filePath,...) chownSync(filePath, ...) close(filePath,...) closeSync(filePath, ...) copyFile(filePath,...) copyFile($SMTH, filePath,...) copyFileSync(filePath, ...) copyFileSync($SMTH, filePath, ...) cp(filePath, ...) cp($SMTH, filePath, ...) cpSync(filePath, ...) cpSync($SMTH, filePath, ...) createReadStream(filePath,...) createWriteStream(filePath,...) exists(filePath, ...) existsSync(filePath, ...) fchmod(filePath, ...) fchmodSync(filePath, ...) fchown(filePath, ...) fchownSync(filePath, ...) fdatasync(filePath, ...) fdatasyncSync(filePath, ...) fstat(filePath, ...) fstatSync(filePath, ...) fsync(filePath, ...) fsyncSync(filePath, ...) ftruncate(filePath, ...) ftruncateSync(filePath, ...) futimes(filePath, ...) futimesSync(filePath, ...) lchmod(filePath, ...) lchmodSync(filePath, ...) lchown(filePath, ...) lchownSync(filePath, ...) link(filePath, ...) link($SMTH, filePath, ...) linkSync(filePath, ...) linkSync($SMTH, filePath, ...) lstat(filePath, ...) lstatSync(filePath, ...) lutimes(filePath, ...) lutimesSync(filePath, ...) mkdir(filePath, ...) mkdirSync(filePath, ...) mkdtemp(filePath, ...) mkdtempSync(filePath, ...) open(filePath, ...) openSync(filePath, ...) opendir(filePath, ...) opendirSync(filePath, ...) read(filePath, ...) read(filePath, ...) readFile(filePath, ...) readFileSync(filePath, ...) readSync(filePath, ...) readSync(filePath, ...) readdir(filePath, ...) readdirSync(filePath, ...) readlink(filePath, ...) readlinkSync(filePath, ...) readv(filePath, ...) readvSync(filePath, ...) realpath(filePath, ...) realpath.native(filePath, ...) realpathSync.native(filePath, ...) realpathync(filePath, ...) rename(filePath, ...) rename($SMTH, filePath, ...) renameSync(filePath, ...) renameSync($SMTH, filePath, ...) rm(filePath, ...) rmSync(filePath, ...) rmdir(filePath, ...) rmdirSync(filePath, ...) stat(filePath, ...) statSync(filePath, ...) symlink(filePath, ...) symlink($SMTH, filePath, ...) symlinkSync(filePath, ...) symlinkSync($SMTH, filePath, ...) truncate(filePath, ...) truncateSync(filePath, ...) unlink(filePath, ...) unlinkSync(filePath, ...) unwatchFile(filePath, ...) utimes(filePath, ...) utimesSync(filePath, ...) watch(filePath, ...) watchFile(filePath, ...) write(filePath, ...) writeFile(filePath, ...) writeFileSync(filePath, ...) writeSync(filePath, ...) writev(filePath, ...) writevSync(filePath, ...) import \'fs\'\n...\n import \'fs/promises\'\n...\n', PosixPath('scripts/fix-typescript-errors.ts'), 'config..semgrep.vendored-rules.javascript.lang.security.audit.detect-non-literal-fs-filename') match_id = 87dc434130f49725f820f85fe8478b7dfda11d97492676423bdc6685825f0903a33a939a69d96443d7f27e42b75ffa5a9c94fa604cba33d87227b423f1f35e66_0
2025-06-11 07:37:06,842 - semgrep.rule_match - DEBUG - match_key = ('filePath function ... (..., filePath,...) {...} filePath fs = require(\'fs\')\n...\n fs = require(\'fs/promises\')\n...\n import fs from \'fs\'\n...\n import fs from \'fs/promises\'\n...\n import * as fs from \'fs\'\n...\n import * as fs from \'fs/promises\'\n...\n fs. ... .$METHOD("...", ...) fs. ... .access(filePath,...) fs. ... .accessSync(filePath, ...) fs. ... .appendFile(filePath,...) fs. ... .appendFileSync(filePath, ...) fs. ... .chmod(filePath,...) fs. ... .chmodSync(filePath, ...) fs. ... .chown(filePath,...) fs. ... .chownSync(filePath, ...) fs. ... .close(filePath,...) fs. ... .closeSync(filePath, ...) fs. ... .copyFile(filePath,...) fs. ... .copyFile($SMTH, filePath,...) fs. ... .copyFileSync(filePath, ...) fs. ... .copyFileSync($SMTH, filePath, ...) fs. ... .cp(filePath, ...) fs. ... .cp($SMTH, filePath, ...) fs. ... .cpSync(filePath, ...) fs. ... .cpSync($SMTH, filePath, ...) fs. ... .createReadStream(filePath,...) fs. ... .createWriteStream(filePath,...) fs. ... .exists(filePath, ...) fs. ... .existsSync(filePath, ...) fs. ... .fchmod(filePath, ...) fs. ... .fchmodSync(filePath, ...) fs. ... .fchown(filePath, ...) fs. ... .fchownSync(filePath, ...) fs. ... .fdatasync(filePath, ...) fs. ... .fdatasyncSync(filePath, ...) fs. ... .fstat(filePath, ...) fs. ... .fstatSync(filePath, ...) fs. ... .fsync(filePath, ...) fs. ... .fsyncSync(filePath, ...) fs. ... .ftruncate(filePath, ...) fs. ... .ftruncateSync(filePath, ...) fs. ... .futimes(filePath, ...) fs. ... .futimesSync(filePath, ...) fs. ... .lchmod(filePath, ...) fs. ... .lchmodSync(filePath, ...) fs. ... .lchown(filePath, ...) fs. ... .lchownSync(filePath, ...) fs. ... .link(filePath, ...) fs. ... .link($SMTH, filePath, ...) fs. ... .linkSync(filePath, ...) fs. ... .linkSync($SMTH, filePath, ...) fs. ... .lstat(filePath, ...) fs. ... .lstatSync(filePath, ...) fs. ... .lutimes(filePath, ...) fs. ... .lutimesSync(filePath, ...) fs. ... .mkdir(filePath, ...) fs. ... .mkdirSync(filePath, ...) fs. ... .mkdtemp(filePath, ...) fs. ... .mkdtempSync(filePath, ...) fs. ... .open(filePath, ...) fs. ... .openSync(filePath, ...) fs. ... .opendir(filePath, ...) fs. ... .opendirSync(filePath, ...) fs. ... .read(filePath, ...) fs. ... .read(filePath, ...) fs. ... .readFile(filePath, ...) fs. ... .readFileSync(filePath, ...) fs. ... .readSync(filePath, ...) fs. ... .readSync(filePath, ...) fs. ... .readdir(filePath, ...) fs. ... .readdirSync(filePath, ...) fs. ... .readlink(filePath, ...) fs. ... .readlinkSync(filePath, ...) fs. ... .readv(filePath, ...) fs. ... .readvSync(filePath, ...) fs. ... .realpath(filePath, ...) fs. ... .realpath.native(filePath, ...) fs. ... .realpathSync.native(filePath, ...) fs. ... .realpathync(filePath, ...) fs. ... .rename(filePath, ...) fs. ... .rename($SMTH, filePath, ...) fs. ... .renameSync(filePath, ...) fs. ... .renameSync($SMTH, filePath, ...) fs. ... .rm(filePath, ...) fs. ... .rmSync(filePath, ...) fs. ... .rmdir(filePath, ...) fs. ... .rmdirSync(filePath, ...) fs. ... .stat(filePath, ...) fs. ... .statSync(filePath, ...) fs. ... .symlink(filePath, ...) fs. ... .symlink($SMTH, filePath, ...) fs. ... .symlinkSync(filePath, ...) fs. ... .symlinkSync($SMTH, filePath, ...) fs. ... .truncate(filePath, ...) fs. ... .truncateSync(filePath, ...) fs. ... .unlink(filePath, ...) fs. ... .unlinkSync(filePath, ...) fs. ... .unwatchFile(filePath, ...) fs. ... .utimes(filePath, ...) fs. ... .utimesSync(filePath, ...) fs. ... .watch(filePath, ...) fs. ... .watchFile(filePath, ...) fs. ... .write(filePath, ...) fs. ... .writeFile(filePath, ...) fs. ... .writeFileSync(filePath, ...) fs. ... .writeSync(filePath, ...) fs. ... .writev(filePath, ...) fs. ... .writevSync(filePath, ...) filePath $METHOD("...", ...) access(filePath,...) accessSync(filePath, ...) appendFile(filePath,...) appendFileSync(filePath, ...) chmod(filePath,...) chmodSync(filePath, ...) chown(filePath,...) chownSync(filePath, ...) close(filePath,...) closeSync(filePath, ...) copyFile(filePath,...) copyFile($SMTH, filePath,...) copyFileSync(filePath, ...) copyFileSync($SMTH, filePath, ...) cp(filePath, ...) cp($SMTH, filePath, ...) cpSync(filePath, ...) cpSync($SMTH, filePath, ...) createReadStream(filePath,...) createWriteStream(filePath,...) exists(filePath, ...) existsSync(filePath, ...) fchmod(filePath, ...) fchmodSync(filePath, ...) fchown(filePath, ...) fchownSync(filePath, ...) fdatasync(filePath, ...) fdatasyncSync(filePath, ...) fstat(filePath, ...) fstatSync(filePath, ...) fsync(filePath, ...) fsyncSync(filePath, ...) ftruncate(filePath, ...) ftruncateSync(filePath, ...) futimes(filePath, ...) futimesSync(filePath, ...) lchmod(filePath, ...) lchmodSync(filePath, ...) lchown(filePath, ...) lchownSync(filePath, ...) link(filePath, ...) link($SMTH, filePath, ...) linkSync(filePath, ...) linkSync($SMTH, filePath, ...) lstat(filePath, ...) lstatSync(filePath, ...) lutimes(filePath, ...) lutimesSync(filePath, ...) mkdir(filePath, ...) mkdirSync(filePath, ...) mkdtemp(filePath, ...) mkdtempSync(filePath, ...) open(filePath, ...) openSync(filePath, ...) opendir(filePath, ...) opendirSync(filePath, ...) read(filePath, ...) read(filePath, ...) readFile(filePath, ...) readFileSync(filePath, ...) readSync(filePath, ...) readSync(filePath, ...) readdir(filePath, ...) readdirSync(filePath, ...) readlink(filePath, ...) readlinkSync(filePath, ...) readv(filePath, ...) readvSync(filePath, ...) realpath(filePath, ...) realpath.native(filePath, ...) realpathSync.native(filePath, ...) realpathync(filePath, ...) rename(filePath, ...) rename($SMTH, filePath, ...) renameSync(filePath, ...) renameSync($SMTH, filePath, ...) rm(filePath, ...) rmSync(filePath, ...) rmdir(filePath, ...) rmdirSync(filePath, ...) stat(filePath, ...) statSync(filePath, ...) symlink(filePath, ...) symlink($SMTH, filePath, ...) symlinkSync(filePath, ...) symlinkSync($SMTH, filePath, ...) truncate(filePath, ...) truncateSync(filePath, ...) unlink(filePath, ...) unlinkSync(filePath, ...) unwatchFile(filePath, ...) utimes(filePath, ...) utimesSync(filePath, ...) watch(filePath, ...) watchFile(filePath, ...) write(filePath, ...) writeFile(filePath, ...) writeFileSync(filePath, ...) writeSync(filePath, ...) writev(filePath, ...) writevSync(filePath, ...) import \'fs\'\n...\n import \'fs/promises\'\n...\n', PosixPath('scripts/fix-typescript-errors.ts'), 'config..semgrep.vendored-rules.javascript.lang.security.audit.detect-non-literal-fs-filename') match_id = 87dc434130f49725f820f85fe8478b7dfda11d97492676423bdc6685825f0903a33a939a69d96443d7f27e42b75ffa5a9c94fa604cba33d87227b423f1f35e66_0
2025-06-11 07:37:06,843 - semgrep.rule_match - DEBUG - match_key = ('filePath function ... (..., filePath,...) {...} filePath fs = require(\'fs\')\n...\n fs = require(\'fs/promises\')\n...\n import fs from \'fs\'\n...\n import fs from \'fs/promises\'\n...\n import * as fs from \'fs\'\n...\n import * as fs from \'fs/promises\'\n...\n fs. ... .$METHOD("...", ...) fs. ... .access(filePath,...) fs. ... .accessSync(filePath, ...) fs. ... .appendFile(filePath,...) fs. ... .appendFileSync(filePath, ...) fs. ... .chmod(filePath,...) fs. ... .chmodSync(filePath, ...) fs. ... .chown(filePath,...) fs. ... .chownSync(filePath, ...) fs. ... .close(filePath,...) fs. ... .closeSync(filePath, ...) fs. ... .copyFile(filePath,...) fs. ... .copyFile($SMTH, filePath,...) fs. ... .copyFileSync(filePath, ...) fs. ... .copyFileSync($SMTH, filePath, ...) fs. ... .cp(filePath, ...) fs. ... .cp($SMTH, filePath, ...) fs. ... .cpSync(filePath, ...) fs. ... .cpSync($SMTH, filePath, ...) fs. ... .createReadStream(filePath,...) fs. ... .createWriteStream(filePath,...) fs. ... .exists(filePath, ...) fs. ... .existsSync(filePath, ...) fs. ... .fchmod(filePath, ...) fs. ... .fchmodSync(filePath, ...) fs. ... .fchown(filePath, ...) fs. ... .fchownSync(filePath, ...) fs. ... .fdatasync(filePath, ...) fs. ... .fdatasyncSync(filePath, ...) fs. ... .fstat(filePath, ...) fs. ... .fstatSync(filePath, ...) fs. ... .fsync(filePath, ...) fs. ... .fsyncSync(filePath, ...) fs. ... .ftruncate(filePath, ...) fs. ... .ftruncateSync(filePath, ...) fs. ... .futimes(filePath, ...) fs. ... .futimesSync(filePath, ...) fs. ... .lchmod(filePath, ...) fs. ... .lchmodSync(filePath, ...) fs. ... .lchown(filePath, ...) fs. ... .lchownSync(filePath, ...) fs. ... .link(filePath, ...) fs. ... .link($SMTH, filePath, ...) fs. ... .linkSync(filePath, ...) fs. ... .linkSync($SMTH, filePath, ...) fs. ... .lstat(filePath, ...) fs. ... .lstatSync(filePath, ...) fs. ... .lutimes(filePath, ...) fs. ... .lutimesSync(filePath, ...) fs. ... .mkdir(filePath, ...) fs. ... .mkdirSync(filePath, ...) fs. ... .mkdtemp(filePath, ...) fs. ... .mkdtempSync(filePath, ...) fs. ... .open(filePath, ...) fs. ... .openSync(filePath, ...) fs. ... .opendir(filePath, ...) fs. ... .opendirSync(filePath, ...) fs. ... .read(filePath, ...) fs. ... .read(filePath, ...) fs. ... .readFile(filePath, ...) fs. ... .readFileSync(filePath, ...) fs. ... .readSync(filePath, ...) fs. ... .readSync(filePath, ...) fs. ... .readdir(filePath, ...) fs. ... .readdirSync(filePath, ...) fs. ... .readlink(filePath, ...) fs. ... .readlinkSync(filePath, ...) fs. ... .readv(filePath, ...) fs. ... .readvSync(filePath, ...) fs. ... .realpath(filePath, ...) fs. ... .realpath.native(filePath, ...) fs. ... .realpathSync.native(filePath, ...) fs. ... .realpathync(filePath, ...) fs. ... .rename(filePath, ...) fs. ... .rename($SMTH, filePath, ...) fs. ... .renameSync(filePath, ...) fs. ... .renameSync($SMTH, filePath, ...) fs. ... .rm(filePath, ...) fs. ... .rmSync(filePath, ...) fs. ... .rmdir(filePath, ...) fs. ... .rmdirSync(filePath, ...) fs. ... .stat(filePath, ...) fs. ... .statSync(filePath, ...) fs. ... .symlink(filePath, ...) fs. ... .symlink($SMTH, filePath, ...) fs. ... .symlinkSync(filePath, ...) fs. ... .symlinkSync($SMTH, filePath, ...) fs. ... .truncate(filePath, ...) fs. ... .truncateSync(filePath, ...) fs. ... .unlink(filePath, ...) fs. ... .unlinkSync(filePath, ...) fs. ... .unwatchFile(filePath, ...) fs. ... .utimes(filePath, ...) fs. ... .utimesSync(filePath, ...) fs. ... .watch(filePath, ...) fs. ... .watchFile(filePath, ...) fs. ... .write(filePath, ...) fs. ... .writeFile(filePath, ...) fs. ... .writeFileSync(filePath, ...) fs. ... .writeSync(filePath, ...) fs. ... .writev(filePath, ...) fs. ... .writevSync(filePath, ...) filePath $METHOD("...", ...) access(filePath,...) accessSync(filePath, ...) appendFile(filePath,...) appendFileSync(filePath, ...) chmod(filePath,...) chmodSync(filePath, ...) chown(filePath,...) chownSync(filePath, ...) close(filePath,...) closeSync(filePath, ...) copyFile(filePath,...) copyFile($SMTH, filePath,...) copyFileSync(filePath, ...) copyFileSync($SMTH, filePath, ...) cp(filePath, ...) cp($SMTH, filePath, ...) cpSync(filePath, ...) cpSync($SMTH, filePath, ...) createReadStream(filePath,...) createWriteStream(filePath,...) exists(filePath, ...) existsSync(filePath, ...) fchmod(filePath, ...) fchmodSync(filePath, ...) fchown(filePath, ...) fchownSync(filePath, ...) fdatasync(filePath, ...) fdatasyncSync(filePath, ...) fstat(filePath, ...) fstatSync(filePath, ...) fsync(filePath, ...) fsyncSync(filePath, ...) ftruncate(filePath, ...) ftruncateSync(filePath, ...) futimes(filePath, ...) futimesSync(filePath, ...) lchmod(filePath, ...) lchmodSync(filePath, ...) lchown(filePath, ...) lchownSync(filePath, ...) link(filePath, ...) link($SMTH, filePath, ...) linkSync(filePath, ...) linkSync($SMTH, filePath, ...) lstat(filePath, ...) lstatSync(filePath, ...) lutimes(filePath, ...) lutimesSync(filePath, ...) mkdir(filePath, ...) mkdirSync(filePath, ...) mkdtemp(filePath, ...) mkdtempSync(filePath, ...) open(filePath, ...) openSync(filePath, ...) opendir(filePath, ...) opendirSync(filePath, ...) read(filePath, ...) read(filePath, ...) readFile(filePath, ...) readFileSync(filePath, ...) readSync(filePath, ...) readSync(filePath, ...) readdir(filePath, ...) readdirSync(filePath, ...) readlink(filePath, ...) readlinkSync(filePath, ...) readv(filePath, ...) readvSync(filePath, ...) realpath(filePath, ...) realpath.native(filePath, ...) realpathSync.native(filePath, ...) realpathync(filePath, ...) rename(filePath, ...) rename($SMTH, filePath, ...) renameSync(filePath, ...) renameSync($SMTH, filePath, ...) rm(filePath, ...) rmSync(filePath, ...) rmdir(filePath, ...) rmdirSync(filePath, ...) stat(filePath, ...) statSync(filePath, ...) symlink(filePath, ...) symlink($SMTH, filePath, ...) symlinkSync(filePath, ...) symlinkSync($SMTH, filePath, ...) truncate(filePath, ...) truncateSync(filePath, ...) unlink(filePath, ...) unlinkSync(filePath, ...) unwatchFile(filePath, ...) utimes(filePath, ...) utimesSync(filePath, ...) watch(filePath, ...) watchFile(filePath, ...) write(filePath, ...) writeFile(filePath, ...) writeFileSync(filePath, ...) writeSync(filePath, ...) writev(filePath, ...) writevSync(filePath, ...) import \'fs\'\n...\n import \'fs/promises\'\n...\n', PosixPath('scripts/fix-typescript-errors.ts'), 'config..semgrep.vendored-rules.javascript.lang.security.audit.detect-non-literal-fs-filename') match_id = 87dc434130f49725f820f85fe8478b7dfda11d97492676423bdc6685825f0903a33a939a69d96443d7f27e42b75ffa5a9c94fa604cba33d87227b423f1f35e66_2
2025-06-11 07:37:06,843 - semgrep.rule_match - DEBUG - match_key = ('', PosixPath('server/replitAuth.ts'), 'config..semgrep.vendored-rules.generic.secrets.gitleaks.hashicorp-tf-password') match_id = 9fc975afbc467b47c8dd387441709d26009d7ef5f0d5f739bc0992ab0cb4e708eb8fb4b3f14a907402e56113d346ac3db260c34e0d7bc92ee03989d6cf55165a_0
2025-06-11 07:37:06,844 - semgrep.rule_match - DEBUG - match_key = ('(?i)(?:administrator_login_password|password)(?:[0-9a-z\\-_\\t .]{0,20})(?:[\\s|\']|[\\s|"]){0,3}(?:=|>|:{1,3}=|\\|\\|:|<=|=>|:|\\?=)(?:\'|\\"|\\s|=|\\x60){0,5}("[a-z0-9=_\\-]{8,20}")(?:[\'|\\"|\\n|\\r|\\s|\\x60|;]|$)', PosixPath('server/replitAuth.ts'), 'config..semgrep.vendored-rules.generic.secrets.gitleaks.hashicorp-tf-password') match_id = dd521e2a0f006ca2d04f2b77dfff3fc1bcc0207fdcea0bd1b053cbe3239495c3275fa58bbea62eb18a7a793ef198c5820c15d8af3b641576ab789bce5a9b34ac_0
2025-06-11 07:37:06,844 - semgrep.rule_match - DEBUG - match_key = ('(?i)(?:administrator_login_password|password)(?:[0-9a-z\\-_\\t .]{0,20})(?:[\\s|\']|[\\s|"]){0,3}(?:=|>|:{1,3}=|\\|\\|:|<=|=>|:|\\?=)(?:\'|\\"|\\s|=|\\x60){0,5}("[a-z0-9=_\\-]{8,20}")(?:[\'|\\"|\\n|\\r|\\s|\\x60|;]|$)', PosixPath('server/replitAuth.ts'), 'config..semgrep.vendored-rules.generic.secrets.gitleaks.hashicorp-tf-password') match_id = dd521e2a0f006ca2d04f2b77dfff3fc1bcc0207fdcea0bd1b053cbe3239495c3275fa58bbea62eb18a7a793ef198c5820c15d8af3b641576ab789bce5a9b34ac_0
2025-06-11 07:37:06,845 - semgrep.rule_match - DEBUG - match_key = ('(?i)(?:administrator_login_password|password)(?:[0-9a-z\\-_\\t .]{0,20})(?:[\\s|\']|[\\s|"]){0,3}(?:=|>|:{1,3}=|\\|\\|:|<=|=>|:|\\?=)(?:\'|\\"|\\s|=|\\x60){0,5}("[a-z0-9=_\\-]{8,20}")(?:[\'|\\"|\\n|\\r|\\s|\\x60|;]|$)', PosixPath('server/replitAuth.ts'), 'config..semgrep.vendored-rules.generic.secrets.gitleaks.hashicorp-tf-password') match_id = dd521e2a0f006ca2d04f2b77dfff3fc1bcc0207fdcea0bd1b053cbe3239495c3275fa58bbea62eb18a7a793ef198c5820c15d8af3b641576ab789bce5a9b34ac_0
2025-06-11 07:37:06,847 - semgrep.core_runner - DEBUG - semgrep ran in 0:00:25.871112 on 111 files
2025-06-11 07:37:06,849 - semgrep.core_runner - DEBUG - findings summary: 3 warning, 1 error, 1 info
2025-06-11 07:37:06,852 - semgrep.app.auth - DEBUG - Getting API token from settings file
2025-06-11 07:37:06,852 - semgrep.app.auth - DEBUG - No API token found in settings file
2025-06-11 07:37:06,852 - semgrep.semgrep_core - DEBUG - Failed to open resource semgrep-core-proprietary: [Errno 2] No such file or directory: '/tmp/_MEIwn35Du/semgrep/bin/semgrep-core-proprietary'.
2025-06-11 07:37:06,977 - semgrep.output - VERBOSE - 
========================================
Files skipped:
========================================

  Always skipped by Opengrep:

   • <none>

  Skipped by .gitignore:
  (Disable by passing --no-git-ignore)

   • <all files not listed by `git ls-files` were skipped>

  Skipped by .semgrepignore:
  - https://semgrep.dev/docs/ignoring-files-folders-code/#understand-semgrep-defaults

   • <none>

  Skipped by --include patterns:

   • <none>

  Skipped by --exclude patterns:

   • <none>

  Files skipped due to insufficient read permissions:

   • <none>

  Skipped by limiting to files smaller than 1000000 bytes:
  (Adjust with the --max-target-bytes flag)

   • attached_assets/image_1749351216300.png

  Partially analyzed due to parsing or internal Opengrep errors

   • tailwind.config.ts (1 lines skipped)

2025-06-11 07:37:06,978 - semgrep.output - INFO - Some files were skipped or only partially analyzed.
  Scan was limited to files tracked by git.
  Partially scanned: 1 files only partially analyzed due to parsing or internal Opengrep errors
  Scan skipped: 1 files larger than 1.0 MB
  For a full list of skipped files, run opengrep with the --verbose flag.

Ran 435 rules on 111 files: 5 findings.
2025-06-11 07:37:06,979 - semgrep.app.version - DEBUG - Version cache does not exist
2025-06-11 07:37:07,001 - semgrep.metrics - VERBOSE - Not sending pseudonymous metrics since metrics are configured to OFF and registry usage is False
